13:04:24.909 [JavaFX Application Thread] DEBUG GameApplication      - Logger initialized
13:04:24.928 [JavaFX Application Thread] DEBUG MainWindow           - Creating a JavaFX scene
13:04:24.998 [JavaFX Application Thread] DEBUG MainWindow           - Target settings size: 600.0 x 600.0
13:04:24.998 [JavaFX Application Thread] DEBUG MainWindow           - Scaled scene size:    600.0 x 600.0
13:04:24.998 [JavaFX Application Thread] DEBUG MainWindow           - Scaled ratio: (1.0, 1.0)
13:04:25.002 [JavaFX Application Thread] DEBUG GameApplication      - Starting FXGL
13:04:25.066 [JavaFX Application Thread] INFO  FXGL                 - FXGL-0.5.1 on DESKTOP
13:04:25.066 [JavaFX Application Thread] INFO  FXGL                 - Source code and latest versions at: https://github.com/AlmasB/FXGL
13:04:25.066 [JavaFX Application Thread] INFO  FXGL                 -              Join the FXGL chat at: https://gitter.im/AlmasB/FXGL
13:04:25.098 [JavaFX Application Thread] DEBUG FS                   - Loaded DesktopFSService
13:04:25.105 [JavaFX Application Thread] DEBUG FXGL                 - Loading FXGL system data
13:04:25.121 [JavaFX Application Thread] DEBUG DesktopFSService     - Reading from: system\fxgl.bundle
13:04:25.138 [JavaFX Application Thread] DEBUG Bundle               - Logging bundle: FXGL
13:04:25.140 [JavaFX Application Thread] DEBUG Bundle               - FXGL.offline.timer.version.check=2018-05-22T12:52:33.871
13:04:25.398 [JavaFX Application Thread] DEBUG GameApplication      - FXGL started
13:04:25.398 [JavaFX Application Thread] DEBUG GameApplication      - Logging game settings
Title: Tron
Version: 0.0
Width: 600
Height: 600
Fullscreen: false
Intro: false
Menus: false
Profiling: false
Single step:false
App Mode: DEVELOPER
Menu Key: ESCAPE
Stage Style: DECORATED
Scene Factory: class com.almasb.fxgl.scene.SceneFactory
Dialog Factory: class com.almasb.fxgl.ui.FXGLDialogFactory
UI Factory: class com.almasb.fxgl.ui.FXGLUIFactory
Notification Service: class com.almasb.fxgl.gameplay.notification.XboxNotificationView
Exception Handler: class com.almasb.fxgl.app.FXGLExceptionHandler
13:04:25.399 [JavaFX Application Thread] DEBUG GameApplication      - Configuring GameApplication
13:04:25.399 [JavaFX Application Thread] DEBUG GameApplication      - Initializing state machine and application states
13:04:25.466 [JavaFX Application Thread] DEBUG AssetLoader          - Loading from disk: /assets/ui/cursors/fxgl_default.png
13:04:25.505 [JavaFX Application Thread] DEBUG AssetLoader          - Loading from disk: /assets/ui/cursors/fxgl_default.png
13:04:25.526 [JavaFX Application Thread] DEBUG FXGLAssets           - Loading FXGLAssets
13:04:25.690 [JavaFX Application Thread] DEBUG AssetLoader          - Loading from disk: /assets/ui/fonts/VarelaRound-Regular.ttf
13:04:25.781 [JavaFX Application Thread] DEBUG AssetLoader          - Loading from disk: /assets/ui/fonts/lucida_console.ttf
13:04:25.788 [JavaFX Application Thread] DEBUG AssetLoader          - Loading from disk: /assets/ui/css/fxgl_dark.css
13:04:25.843 [JavaFX Application Thread] DEBUG AssetLoader          - Loading from disk: /assets/ui/cursors/fxgl_default.png
13:04:25.883 [JavaFX Application Thread] DEBUG AssetLoader          - Loading from disk: /assets/ui/cursors/fxgl_default.png
13:04:25.897 [JavaFX Application Thread] DEBUG GameScene            - Game scene initialized: 600x600
13:04:25.912 [JavaFX Application Thread] DEBUG GameWorld            - Game world initialized
13:04:26.325 [JavaFX Application Thread] DEBUG PhysicsWorld         - Physics world initialized: appHeight=600, physics.ppm=50.0
13:04:26.407 [JavaFX Application Thread] DEBUG Input                - Registered new binding: Pause - Esc
13:04:26.467 [JavaFX Application Thread] DEBUG Input                - Clearing active input actions
13:04:26.499 [JavaFX Application Thread] DEBUG AppStateMachine      - StartupState -> StartupState
13:04:26.513 [JavaFX Application Thread] INFO  GameApplication      - Game configuration took:  1.114 sec
13:04:26.518 [JavaFX Application Thread] DEBUG AssetLoader          - Loading from disk: /assets/textures/fxgl_icon.png
13:04:26.531 [JavaFX Application Thread] DEBUG MainWindow           - Opening main window
13:04:26.664 [JavaFX Application Thread] DEBUG MainWindow           - Window border size: (6.0, 28.0)
13:04:26.665 [JavaFX Application Thread] DEBUG MainWindow           - Scaled size: 600.0 x 600.0
13:04:26.665 [JavaFX Application Thread] DEBUG MainWindow           - Scaled ratio: (1.0, 1.0)
13:04:26.665 [JavaFX Application Thread] DEBUG MainWindow           - Scene size: 600.0 x 600.0
13:04:26.665 [JavaFX Application Thread] DEBUG MainWindow           - Stage size: 606.0 x 628.0
13:04:26.665 [JavaFX Application Thread] DEBUG GameApplication      - Running preInit()
13:04:26.674 [JavaFX Application Thread] DEBUG Input                - Registered new binding: Screenshot - P
13:04:26.676 [JavaFX Application Thread] DEBUG Input                - Registered new binding: Dev Options - CTRL+0
13:04:26.678 [JavaFX Application Thread] DEBUG Input                - Registered new binding: System info dump - CTRL+9
13:04:26.680 [JavaFX Application Thread] DEBUG Input                - Registered new binding: Restart - CTRL+R
13:04:26.680 [JavaFX Application Thread] DEBUG Input                - Registered new binding: Move Right - Right
13:04:26.680 [JavaFX Application Thread] DEBUG Input                - Registered new binding: Move UP - Up
13:04:26.680 [JavaFX Application Thread] DEBUG Input                - Registered new binding: Move DOWN - Down
13:04:26.680 [JavaFX Application Thread] DEBUG Input                - Registered new binding: Move LEFT - Left
13:04:26.707 [JavaFX Application Thread] DEBUG GameApplication      - Starting main loop
13:04:26.708 [JavaFX Application Thread] DEBUG StartupState         - STARTUP
13:04:26.708 [JavaFX Application Thread] DEBUG GameApplication      - Starting new game
13:04:26.708 [JavaFX Application Thread] DEBUG Input                - Clearing active input actions
13:04:26.714 [JavaFX Application Thread] DEBUG AppStateMachine      - StartupState -> LoadingState
13:04:26.723 [FXGL Background Thread 1 ] DEBUG InitAppTask          - Clearing previous game
13:04:26.724 [FXGL Background Thread 1 ] DEBUG GameWorld            - Clearing game world
13:04:26.724 [FXGL Background Thread 1 ] DEBUG PhysicsWorld         - Clearing physics world
13:04:26.724 [FXGL Background Thread 1 ] DEBUG GameScene            - Clearing game scene
13:04:26.732 [FXGL Background Thread 1 ] DEBUG InitAppTask          - Initializing Game
13:04:26.934 [FXGL Background Thread 1 ] DEBUG GameScene            - Creating render group for layer: DEFAULT(100000)
13:04:26.936 [FXGL Background Thread 1 ] DEBUG InitAppTask          - Initializing Physics
13:04:26.936 [FXGL Background Thread 1 ] DEBUG InitAppTask          - Initializing UI
13:04:26.936 [FXGL Background Thread 1 ] DEBUG InitAppTask          - Initialization Complete
13:04:26.937 [FXGL Background Thread 1 ] INFO  InitAppTask          - Game initialization took: 0.214 sec
13:04:26.941 [JavaFX Application Thread] DEBUG Input                - Clearing active input actions
13:04:26.945 [JavaFX Application Thread] DEBUG AppStateMachine      - LoadingState -> PlayState
13:04:39.873 [JavaFX Application Thread] DEBUG GameApplication      - Exiting game application
13:04:39.878 [JavaFX Application Thread] DEBUG GameApplication      - Shutting down background threads
13:04:39.879 [JavaFX Application Thread] DEBUG GameApplication      - Exiting FXGL
13:04:39.879 [JavaFX Application Thread] DEBUG FXGL                 - Saving FXGL system data
13:04:39.905 [JavaFX Application Thread] DEBUG DesktopFSService     - Writing to: system\fxgl.bundle
13:04:39.938 [JavaFX Application Thread] DEBUG GameApplication      - Closing logger and exiting JavaFX
