13:06:33.829 [JavaFX Application Thread] DEBUG GameApplication      - Logger initialized
13:06:33.846 [JavaFX Application Thread] DEBUG MainWindow           - Creating a JavaFX scene
13:06:33.916 [JavaFX Application Thread] DEBUG MainWindow           - Target settings size: 600.0 x 600.0
13:06:33.916 [JavaFX Application Thread] DEBUG MainWindow           - Scaled scene size:    600.0 x 600.0
13:06:33.916 [JavaFX Application Thread] DEBUG MainWindow           - Scaled ratio: (1.0, 1.0)
13:06:33.920 [JavaFX Application Thread] DEBUG GameApplication      - Starting FXGL
13:06:33.984 [JavaFX Application Thread] INFO  FXGL                 - FXGL-0.5.1 on DESKTOP
13:06:33.984 [JavaFX Application Thread] INFO  FXGL                 - Source code and latest versions at: https://github.com/AlmasB/FXGL
13:06:33.984 [JavaFX Application Thread] INFO  FXGL                 -              Join the FXGL chat at: https://gitter.im/AlmasB/FXGL
13:06:34.018 [JavaFX Application Thread] DEBUG FS                   - Loaded DesktopFSService
13:06:34.025 [JavaFX Application Thread] DEBUG FXGL                 - Loading FXGL system data
13:06:34.043 [JavaFX Application Thread] DEBUG DesktopFSService     - Reading from: system\fxgl.bundle
13:06:34.061 [JavaFX Application Thread] DEBUG Bundle               - Logging bundle: FXGL
13:06:34.063 [JavaFX Application Thread] DEBUG Bundle               - FXGL.offline.timer.version.check=2018-05-22T12:52:33.871
13:06:34.303 [JavaFX Application Thread] DEBUG GameApplication      - FXGL started
13:06:34.303 [JavaFX Application Thread] DEBUG GameApplication      - Logging game settings
Title: Tron
Version: 0.0
Width: 600
Height: 600
Fullscreen: false
Intro: false
Menus: false
Profiling: false
Single step:false
App Mode: DEVELOPER
Menu Key: ESCAPE
Stage Style: DECORATED
Scene Factory: class com.almasb.fxgl.scene.SceneFactory
Dialog Factory: class com.almasb.fxgl.ui.FXGLDialogFactory
UI Factory: class com.almasb.fxgl.ui.FXGLUIFactory
Notification Service: class com.almasb.fxgl.gameplay.notification.XboxNotificationView
Exception Handler: class com.almasb.fxgl.app.FXGLExceptionHandler
13:06:34.304 [JavaFX Application Thread] DEBUG GameApplication      - Configuring GameApplication
13:06:34.304 [JavaFX Application Thread] DEBUG GameApplication      - Initializing state machine and application states
13:06:34.362 [JavaFX Application Thread] DEBUG AssetLoader          - Loading from disk: /assets/ui/cursors/fxgl_default.png
13:06:34.398 [JavaFX Application Thread] DEBUG AssetLoader          - Loading from disk: /assets/ui/cursors/fxgl_default.png
13:06:34.419 [JavaFX Application Thread] DEBUG FXGLAssets           - Loading FXGLAssets
13:06:34.595 [JavaFX Application Thread] DEBUG AssetLoader          - Loading from disk: /assets/ui/fonts/VarelaRound-Regular.ttf
13:06:34.656 [JavaFX Application Thread] DEBUG AssetLoader          - Loading from disk: /assets/ui/fonts/lucida_console.ttf
13:06:34.665 [JavaFX Application Thread] DEBUG AssetLoader          - Loading from disk: /assets/ui/css/fxgl_dark.css
13:06:34.695 [JavaFX Application Thread] DEBUG AssetLoader          - Loading from disk: /assets/ui/cursors/fxgl_default.png
13:06:34.721 [JavaFX Application Thread] DEBUG AssetLoader          - Loading from disk: /assets/ui/cursors/fxgl_default.png
13:06:34.735 [JavaFX Application Thread] DEBUG GameScene            - Game scene initialized: 600x600
13:06:34.756 [JavaFX Application Thread] DEBUG GameWorld            - Game world initialized
13:06:35.188 [JavaFX Application Thread] DEBUG PhysicsWorld         - Physics world initialized: appHeight=600, physics.ppm=50.0
13:06:35.269 [JavaFX Application Thread] DEBUG Input                - Registered new binding: Pause - Esc
13:06:35.333 [JavaFX Application Thread] DEBUG Input                - Clearing active input actions
13:06:35.365 [JavaFX Application Thread] DEBUG AppStateMachine      - StartupState -> StartupState
13:06:35.383 [JavaFX Application Thread] INFO  GameApplication      - Game configuration took:  1.078 sec
13:06:35.388 [JavaFX Application Thread] DEBUG AssetLoader          - Loading from disk: /assets/textures/fxgl_icon.png
13:06:35.401 [JavaFX Application Thread] DEBUG MainWindow           - Opening main window
13:06:35.526 [JavaFX Application Thread] DEBUG MainWindow           - Window border size: (6.0, 28.0)
13:06:35.526 [JavaFX Application Thread] DEBUG MainWindow           - Scaled size: 600.0 x 600.0
13:06:35.526 [JavaFX Application Thread] DEBUG MainWindow           - Scaled ratio: (1.0, 1.0)
13:06:35.527 [JavaFX Application Thread] DEBUG MainWindow           - Scene size: 600.0 x 600.0
13:06:35.527 [JavaFX Application Thread] DEBUG MainWindow           - Stage size: 606.0 x 628.0
13:06:35.527 [JavaFX Application Thread] DEBUG GameApplication      - Running preInit()
13:06:35.535 [JavaFX Application Thread] DEBUG Input                - Registered new binding: Screenshot - P
13:06:35.537 [JavaFX Application Thread] DEBUG Input                - Registered new binding: Dev Options - CTRL+0
13:06:35.539 [JavaFX Application Thread] DEBUG Input                - Registered new binding: System info dump - CTRL+9
13:06:35.541 [JavaFX Application Thread] DEBUG Input                - Registered new binding: Restart - CTRL+R
13:06:35.541 [JavaFX Application Thread] DEBUG Input                - Registered new binding: Move Right - Right
13:06:35.541 [JavaFX Application Thread] DEBUG Input                - Registered new binding: Move UP - Up
13:06:35.541 [JavaFX Application Thread] DEBUG Input                - Registered new binding: Move DOWN - Down
13:06:35.541 [JavaFX Application Thread] DEBUG Input                - Registered new binding: Move LEFT - Left
13:06:35.568 [JavaFX Application Thread] DEBUG GameApplication      - Starting main loop
13:06:35.569 [JavaFX Application Thread] DEBUG StartupState         - STARTUP
13:06:35.570 [JavaFX Application Thread] DEBUG GameApplication      - Starting new game
13:06:35.570 [JavaFX Application Thread] DEBUG Input                - Clearing active input actions
13:06:35.576 [JavaFX Application Thread] DEBUG AppStateMachine      - StartupState -> LoadingState
13:06:35.585 [FXGL Background Thread 1 ] DEBUG InitAppTask          - Clearing previous game
13:06:35.585 [FXGL Background Thread 1 ] DEBUG GameWorld            - Clearing game world
13:06:35.585 [FXGL Background Thread 1 ] DEBUG PhysicsWorld         - Clearing physics world
13:06:35.586 [FXGL Background Thread 1 ] DEBUG GameScene            - Clearing game scene
13:06:35.593 [FXGL Background Thread 1 ] DEBUG InitAppTask          - Initializing Game
13:06:35.796 [FXGL Background Thread 1 ] DEBUG GameScene            - Creating render group for layer: DEFAULT(100000)
13:06:35.798 [FXGL Background Thread 1 ] DEBUG InitAppTask          - Initializing Physics
13:06:35.798 [FXGL Background Thread 1 ] DEBUG InitAppTask          - Initializing UI
13:06:35.798 [FXGL Background Thread 1 ] DEBUG InitAppTask          - Initialization Complete
13:06:35.799 [FXGL Background Thread 1 ] INFO  InitAppTask          - Game initialization took: 0.213 sec
13:06:35.806 [JavaFX Application Thread] DEBUG Input                - Clearing active input actions
13:06:35.810 [JavaFX Application Thread] DEBUG AppStateMachine      - LoadingState -> PlayState
13:06:42.489 [JavaFX Application Thread] DEBUG GameApplication      - Exiting game application
13:06:42.493 [JavaFX Application Thread] DEBUG GameApplication      - Shutting down background threads
13:06:42.494 [JavaFX Application Thread] DEBUG GameApplication      - Exiting FXGL
13:06:42.495 [JavaFX Application Thread] DEBUG FXGL                 - Saving FXGL system data
13:06:42.515 [JavaFX Application Thread] DEBUG DesktopFSService     - Writing to: system\fxgl.bundle
13:06:42.549 [JavaFX Application Thread] DEBUG GameApplication      - Closing logger and exiting JavaFX
