13:09:48.105 [JavaFX Application Thread] DEBUG GameApplication      - Logger initialized
13:09:48.125 [JavaFX Application Thread] DEBUG MainWindow           - Creating a JavaFX scene
13:09:48.193 [JavaFX Application Thread] DEBUG MainWindow           - Target settings size: 600.0 x 600.0
13:09:48.193 [JavaFX Application Thread] DEBUG MainWindow           - Scaled scene size:    600.0 x 600.0
13:09:48.193 [JavaFX Application Thread] DEBUG MainWindow           - Scaled ratio: (1.0, 1.0)
13:09:48.197 [JavaFX Application Thread] DEBUG GameApplication      - Starting FXGL
13:09:48.261 [JavaFX Application Thread] INFO  FXGL                 - FXGL-0.5.1 on DESKTOP
13:09:48.261 [JavaFX Application Thread] INFO  FXGL                 - Source code and latest versions at: https://github.com/AlmasB/FXGL
13:09:48.261 [JavaFX Application Thread] INFO  FXGL                 -              Join the FXGL chat at: https://gitter.im/AlmasB/FXGL
13:09:48.296 [JavaFX Application Thread] DEBUG FS                   - Loaded DesktopFSService
13:09:48.302 [JavaFX Application Thread] DEBUG FXGL                 - Loading FXGL system data
13:09:48.331 [JavaFX Application Thread] DEBUG DesktopFSService     - Reading from: system\fxgl.bundle
13:09:48.360 [JavaFX Application Thread] DEBUG Bundle               - Logging bundle: FXGL
13:09:48.363 [JavaFX Application Thread] DEBUG Bundle               - FXGL.offline.timer.version.check=2018-05-22T12:52:33.871
13:09:48.639 [JavaFX Application Thread] DEBUG GameApplication      - FXGL started
13:09:48.640 [JavaFX Application Thread] DEBUG GameApplication      - Logging game settings
Title: Tron
Version: 0.0
Width: 600
Height: 600
Fullscreen: false
Intro: false
Menus: false
Profiling: false
Single step:false
App Mode: DEVELOPER
Menu Key: ESCAPE
Stage Style: DECORATED
Scene Factory: class com.almasb.fxgl.scene.SceneFactory
Dialog Factory: class com.almasb.fxgl.ui.FXGLDialogFactory
UI Factory: class com.almasb.fxgl.ui.FXGLUIFactory
Notification Service: class com.almasb.fxgl.gameplay.notification.XboxNotificationView
Exception Handler: class com.almasb.fxgl.app.FXGLExceptionHandler
13:09:48.641 [JavaFX Application Thread] DEBUG GameApplication      - Configuring GameApplication
13:09:48.641 [JavaFX Application Thread] DEBUG GameApplication      - Initializing state machine and application states
13:09:48.704 [JavaFX Application Thread] DEBUG AssetLoader          - Loading from disk: /assets/ui/cursors/fxgl_default.png
13:09:48.749 [JavaFX Application Thread] DEBUG AssetLoader          - Loading from disk: /assets/ui/cursors/fxgl_default.png
13:09:48.772 [JavaFX Application Thread] DEBUG FXGLAssets           - Loading FXGLAssets
13:09:48.937 [JavaFX Application Thread] DEBUG AssetLoader          - Loading from disk: /assets/ui/fonts/VarelaRound-Regular.ttf
13:09:49.014 [JavaFX Application Thread] DEBUG AssetLoader          - Loading from disk: /assets/ui/fonts/lucida_console.ttf
13:09:49.024 [JavaFX Application Thread] DEBUG AssetLoader          - Loading from disk: /assets/ui/css/fxgl_dark.css
13:09:49.056 [JavaFX Application Thread] DEBUG AssetLoader          - Loading from disk: /assets/ui/cursors/fxgl_default.png
13:09:49.082 [JavaFX Application Thread] DEBUG AssetLoader          - Loading from disk: /assets/ui/cursors/fxgl_default.png
13:09:49.096 [JavaFX Application Thread] DEBUG GameScene            - Game scene initialized: 600x600
13:09:49.112 [JavaFX Application Thread] DEBUG GameWorld            - Game world initialized
13:09:49.493 [JavaFX Application Thread] DEBUG PhysicsWorld         - Physics world initialized: appHeight=600, physics.ppm=50.0
13:09:49.561 [JavaFX Application Thread] DEBUG Input                - Registered new binding: Pause - Esc
13:09:49.610 [JavaFX Application Thread] DEBUG Input                - Clearing active input actions
13:09:49.643 [JavaFX Application Thread] DEBUG AppStateMachine      - StartupState -> StartupState
13:09:49.658 [JavaFX Application Thread] INFO  GameApplication      - Game configuration took:  1.017 sec
13:09:49.663 [JavaFX Application Thread] DEBUG AssetLoader          - Loading from disk: /assets/textures/fxgl_icon.png
13:09:49.677 [JavaFX Application Thread] DEBUG MainWindow           - Opening main window
13:09:49.818 [JavaFX Application Thread] DEBUG MainWindow           - Window border size: (6.0, 28.0)
13:09:49.819 [JavaFX Application Thread] DEBUG MainWindow           - Scaled size: 600.0 x 600.0
13:09:49.819 [JavaFX Application Thread] DEBUG MainWindow           - Scaled ratio: (1.0, 1.0)
13:09:49.819 [JavaFX Application Thread] DEBUG MainWindow           - Scene size: 600.0 x 600.0
13:09:49.819 [JavaFX Application Thread] DEBUG MainWindow           - Stage size: 606.0 x 628.0
13:09:49.819 [JavaFX Application Thread] DEBUG GameApplication      - Running preInit()
13:09:49.827 [JavaFX Application Thread] DEBUG Input                - Registered new binding: Screenshot - P
13:09:49.829 [JavaFX Application Thread] DEBUG Input                - Registered new binding: Dev Options - CTRL+0
13:09:49.831 [JavaFX Application Thread] DEBUG Input                - Registered new binding: System info dump - CTRL+9
13:09:49.833 [JavaFX Application Thread] DEBUG Input                - Registered new binding: Restart - CTRL+R
13:09:49.833 [JavaFX Application Thread] DEBUG Input                - Registered new binding: Move Right - Right
13:09:49.834 [JavaFX Application Thread] DEBUG Input                - Registered new binding: Move UP - Up
13:09:49.834 [JavaFX Application Thread] DEBUG Input                - Registered new binding: Move DOWN - Down
13:09:49.834 [JavaFX Application Thread] DEBUG Input                - Registered new binding: Move LEFT - Left
13:09:49.861 [JavaFX Application Thread] DEBUG GameApplication      - Starting main loop
13:09:49.863 [JavaFX Application Thread] DEBUG StartupState         - STARTUP
13:09:49.863 [JavaFX Application Thread] DEBUG GameApplication      - Starting new game
13:09:49.863 [JavaFX Application Thread] DEBUG Input                - Clearing active input actions
13:09:49.868 [JavaFX Application Thread] DEBUG AppStateMachine      - StartupState -> LoadingState
13:09:49.877 [FXGL Background Thread 1 ] DEBUG InitAppTask          - Clearing previous game
13:09:49.878 [FXGL Background Thread 1 ] DEBUG GameWorld            - Clearing game world
13:09:49.878 [FXGL Background Thread 1 ] DEBUG PhysicsWorld         - Clearing physics world
13:09:49.878 [FXGL Background Thread 1 ] DEBUG GameScene            - Clearing game scene
13:09:49.885 [FXGL Background Thread 1 ] DEBUG InitAppTask          - Initializing Game
13:09:50.122 [FXGL Background Thread 1 ] DEBUG GameScene            - Creating render group for layer: DEFAULT(100000)
13:09:50.126 [FXGL Background Thread 1 ] DEBUG InitAppTask          - Initializing Physics
13:09:50.127 [FXGL Background Thread 1 ] DEBUG InitAppTask          - Initializing UI
13:09:50.127 [FXGL Background Thread 1 ] DEBUG InitAppTask          - Initialization Complete
13:09:50.128 [FXGL Background Thread 1 ] INFO  InitAppTask          - Game initialization took: 0.250 sec
13:09:50.131 [JavaFX Application Thread] DEBUG Input                - Clearing active input actions
13:09:50.143 [JavaFX Application Thread] DEBUG AppStateMachine      - LoadingState -> PlayState
13:09:53.684 [JavaFX Application Thread] DEBUG GameApplication      - Exiting game application
13:09:53.688 [JavaFX Application Thread] DEBUG GameApplication      - Shutting down background threads
13:09:53.689 [JavaFX Application Thread] DEBUG GameApplication      - Exiting FXGL
13:09:53.690 [JavaFX Application Thread] DEBUG FXGL                 - Saving FXGL system data
13:09:53.710 [JavaFX Application Thread] DEBUG DesktopFSService     - Writing to: system\fxgl.bundle
13:09:53.744 [JavaFX Application Thread] DEBUG GameApplication      - Closing logger and exiting JavaFX
