13:03:43.670 [JavaFX Application Thread] DEBUG GameApplication      - Logger initialized
13:03:43.686 [JavaFX Application Thread] DEBUG MainWindow           - Creating a JavaFX scene
13:03:43.766 [JavaFX Application Thread] DEBUG MainWindow           - Target settings size: 600.0 x 600.0
13:03:43.766 [JavaFX Application Thread] DEBUG MainWindow           - Scaled scene size:    600.0 x 600.0
13:03:43.766 [JavaFX Application Thread] DEBUG MainWindow           - Scaled ratio: (1.0, 1.0)
13:03:43.771 [JavaFX Application Thread] DEBUG GameApplication      - Starting FXGL
13:03:43.806 [JavaFX Application Thread] INFO  FXGL                 - FXGL-0.5.1 on DESKTOP
13:03:43.806 [JavaFX Application Thread] INFO  FXGL                 - Source code and latest versions at: https://github.com/AlmasB/FXGL
13:03:43.806 [JavaFX Application Thread] INFO  FXGL                 -              Join the FXGL chat at: https://gitter.im/AlmasB/FXGL
13:03:43.827 [JavaFX Application Thread] DEBUG FS                   - Loaded DesktopFSService
13:03:43.833 [JavaFX Application Thread] DEBUG FXGL                 - Loading FXGL system data
13:03:43.847 [JavaFX Application Thread] DEBUG DesktopFSService     - Reading from: system\fxgl.bundle
13:03:43.859 [JavaFX Application Thread] DEBUG Bundle               - Logging bundle: FXGL
13:03:43.861 [JavaFX Application Thread] DEBUG Bundle               - FXGL.offline.timer.version.check=2018-05-22T12:52:33.871
13:03:44.009 [JavaFX Application Thread] DEBUG GameApplication      - FXGL started
13:03:44.010 [JavaFX Application Thread] DEBUG GameApplication      - Logging game settings
Title: Tron
Version: 0.0
Width: 600
Height: 600
Fullscreen: false
Intro: false
Menus: false
Profiling: false
Single step:false
App Mode: DEVELOPER
Menu Key: ESCAPE
Stage Style: DECORATED
Scene Factory: class com.almasb.fxgl.scene.SceneFactory
Dialog Factory: class com.almasb.fxgl.ui.FXGLDialogFactory
UI Factory: class com.almasb.fxgl.ui.FXGLUIFactory
Notification Service: class com.almasb.fxgl.gameplay.notification.XboxNotificationView
Exception Handler: class com.almasb.fxgl.app.FXGLExceptionHandler
13:03:44.010 [JavaFX Application Thread] DEBUG GameApplication      - Configuring GameApplication
13:03:44.010 [JavaFX Application Thread] DEBUG GameApplication      - Initializing state machine and application states
13:03:44.048 [JavaFX Application Thread] DEBUG AssetLoader          - Loading from disk: /assets/ui/cursors/fxgl_default.png
13:03:44.073 [JavaFX Application Thread] DEBUG AssetLoader          - Loading from disk: /assets/ui/cursors/fxgl_default.png
13:03:44.092 [JavaFX Application Thread] DEBUG FXGLAssets           - Loading FXGLAssets
13:03:44.127 [JavaFX Application Thread] DEBUG AssetLoader          - Loading from disk: /assets/ui/fonts/VarelaRound-Regular.ttf
13:03:44.173 [JavaFX Application Thread] DEBUG AssetLoader          - Loading from disk: /assets/ui/fonts/lucida_console.ttf
13:03:44.179 [JavaFX Application Thread] DEBUG AssetLoader          - Loading from disk: /assets/ui/css/fxgl_dark.css
13:03:44.206 [JavaFX Application Thread] DEBUG AssetLoader          - Loading from disk: /assets/ui/cursors/fxgl_default.png
13:03:44.232 [JavaFX Application Thread] DEBUG AssetLoader          - Loading from disk: /assets/ui/cursors/fxgl_default.png
13:03:44.245 [JavaFX Application Thread] DEBUG GameScene            - Game scene initialized: 600x600
13:03:44.254 [JavaFX Application Thread] DEBUG GameWorld            - Game world initialized
13:03:44.543 [JavaFX Application Thread] DEBUG PhysicsWorld         - Physics world initialized: appHeight=600, physics.ppm=50.0
13:03:44.582 [JavaFX Application Thread] DEBUG Input                - Registered new binding: Pause - Esc
13:03:44.619 [JavaFX Application Thread] DEBUG Input                - Clearing active input actions
13:03:44.654 [JavaFX Application Thread] DEBUG AppStateMachine      - StartupState -> StartupState
13:03:44.668 [JavaFX Application Thread] INFO  GameApplication      - Game configuration took:  0.656 sec
13:03:44.673 [JavaFX Application Thread] DEBUG AssetLoader          - Loading from disk: /assets/textures/fxgl_icon.png
13:03:44.687 [JavaFX Application Thread] DEBUG MainWindow           - Opening main window
13:03:44.835 [JavaFX Application Thread] DEBUG MainWindow           - Window border size: (6.0, 28.0)
13:03:44.835 [JavaFX Application Thread] DEBUG MainWindow           - Scaled size: 600.0 x 600.0
13:03:44.835 [JavaFX Application Thread] DEBUG MainWindow           - Scaled ratio: (1.0, 1.0)
13:03:44.835 [JavaFX Application Thread] DEBUG MainWindow           - Scene size: 600.0 x 600.0
13:03:44.835 [JavaFX Application Thread] DEBUG MainWindow           - Stage size: 606.0 x 628.0
13:03:44.835 [JavaFX Application Thread] DEBUG GameApplication      - Running preInit()
13:03:44.842 [JavaFX Application Thread] DEBUG Input                - Registered new binding: Screenshot - P
13:03:44.844 [JavaFX Application Thread] DEBUG Input                - Registered new binding: Dev Options - CTRL+0
13:03:44.846 [JavaFX Application Thread] DEBUG Input                - Registered new binding: System info dump - CTRL+9
13:03:44.848 [JavaFX Application Thread] DEBUG Input                - Registered new binding: Restart - CTRL+R
13:03:44.848 [JavaFX Application Thread] DEBUG Input                - Registered new binding: Move Right - Right
13:03:44.848 [JavaFX Application Thread] DEBUG Input                - Registered new binding: Move UP - Up
13:03:44.848 [JavaFX Application Thread] DEBUG Input                - Registered new binding: Move DOWN - Down
13:03:44.848 [JavaFX Application Thread] DEBUG Input                - Registered new binding: Move LEFT - Left
13:03:44.875 [JavaFX Application Thread] DEBUG GameApplication      - Starting main loop
13:03:44.877 [JavaFX Application Thread] DEBUG StartupState         - STARTUP
13:03:44.877 [JavaFX Application Thread] DEBUG GameApplication      - Starting new game
13:03:44.877 [JavaFX Application Thread] DEBUG Input                - Clearing active input actions
13:03:44.882 [JavaFX Application Thread] DEBUG AppStateMachine      - StartupState -> LoadingState
13:03:44.891 [FXGL Background Thread 1 ] DEBUG InitAppTask          - Clearing previous game
13:03:44.891 [FXGL Background Thread 1 ] DEBUG GameWorld            - Clearing game world
13:03:44.891 [FXGL Background Thread 1 ] DEBUG PhysicsWorld         - Clearing physics world
13:03:44.891 [FXGL Background Thread 1 ] DEBUG GameScene            - Clearing game scene
13:03:44.898 [FXGL Background Thread 1 ] DEBUG InitAppTask          - Initializing Game
13:03:45.029 [FXGL Background Thread 1 ] DEBUG GameScene            - Creating render group for layer: DEFAULT(100000)
13:03:45.031 [FXGL Background Thread 1 ] DEBUG InitAppTask          - Initializing Physics
13:03:45.031 [FXGL Background Thread 1 ] DEBUG InitAppTask          - Initializing UI
13:03:45.031 [FXGL Background Thread 1 ] DEBUG InitAppTask          - Initialization Complete
13:03:45.031 [FXGL Background Thread 1 ] INFO  InitAppTask          - Game initialization took: 0.140 sec
13:03:45.042 [JavaFX Application Thread] DEBUG Input                - Clearing active input actions
13:03:45.046 [JavaFX Application Thread] DEBUG AppStateMachine      - LoadingState -> PlayState
13:03:49.327 [JavaFX Application Thread] DEBUG GameApplication      - Exiting game application
13:03:49.332 [JavaFX Application Thread] DEBUG GameApplication      - Shutting down background threads
13:03:49.333 [JavaFX Application Thread] DEBUG GameApplication      - Exiting FXGL
13:03:49.333 [JavaFX Application Thread] DEBUG FXGL                 - Saving FXGL system data
13:03:49.354 [JavaFX Application Thread] DEBUG DesktopFSService     - Writing to: system\fxgl.bundle
13:03:49.387 [JavaFX Application Thread] DEBUG GameApplication      - Closing logger and exiting JavaFX
