13:14:35.217 [JavaFX Application Thread] DEBUG GameApplication      - Logger initialized
13:14:35.235 [JavaFX Application Thread] DEBUG MainWindow           - Creating a JavaFX scene
13:14:35.304 [JavaFX Application Thread] DEBUG MainWindow           - Target settings size: 600.0 x 600.0
13:14:35.304 [JavaFX Application Thread] DEBUG MainWindow           - Scaled scene size:    600.0 x 600.0
13:14:35.305 [JavaFX Application Thread] DEBUG MainWindow           - Scaled ratio: (1.0, 1.0)
13:14:35.309 [JavaFX Application Thread] DEBUG GameApplication      - Starting FXGL
13:14:35.372 [JavaFX Application Thread] INFO  FXGL                 - FXGL-0.5.1 on DESKTOP
13:14:35.372 [JavaFX Application Thread] INFO  FXGL                 - Source code and latest versions at: https://github.com/AlmasB/FXGL
13:14:35.372 [JavaFX Application Thread] INFO  FXGL                 -              Join the FXGL chat at: https://gitter.im/AlmasB/FXGL
13:14:35.403 [JavaFX Application Thread] DEBUG FS                   - Loaded DesktopFSService
13:14:35.408 [JavaFX Application Thread] DEBUG FXGL                 - Loading FXGL system data
13:14:35.425 [JavaFX Application Thread] DEBUG DesktopFSService     - Reading from: system\fxgl.bundle
13:14:35.441 [JavaFX Application Thread] DEBUG Bundle               - Logging bundle: FXGL
13:14:35.443 [JavaFX Application Thread] DEBUG Bundle               - FXGL.offline.timer.version.check=2018-05-22T12:52:33.871
13:14:35.696 [JavaFX Application Thread] DEBUG GameApplication      - FXGL started
13:14:35.696 [JavaFX Application Thread] DEBUG GameApplication      - Logging game settings
Title: Tron
Version: 0.0
Width: 600
Height: 600
Fullscreen: false
Intro: false
Menus: false
Profiling: false
Single step:false
App Mode: DEVELOPER
Menu Key: ESCAPE
Stage Style: DECORATED
Scene Factory: class com.almasb.fxgl.scene.SceneFactory
Dialog Factory: class com.almasb.fxgl.ui.FXGLDialogFactory
UI Factory: class com.almasb.fxgl.ui.FXGLUIFactory
Notification Service: class com.almasb.fxgl.gameplay.notification.XboxNotificationView
Exception Handler: class com.almasb.fxgl.app.FXGLExceptionHandler
13:14:35.698 [JavaFX Application Thread] DEBUG GameApplication      - Configuring GameApplication
13:14:35.698 [JavaFX Application Thread] DEBUG GameApplication      - Initializing state machine and application states
13:14:35.773 [JavaFX Application Thread] DEBUG AssetLoader          - Loading from disk: /assets/ui/cursors/fxgl_default.png
13:14:35.829 [JavaFX Application Thread] DEBUG AssetLoader          - Loading from disk: /assets/ui/cursors/fxgl_default.png
13:14:35.854 [JavaFX Application Thread] DEBUG FXGLAssets           - Loading FXGLAssets
13:14:36.020 [JavaFX Application Thread] DEBUG AssetLoader          - Loading from disk: /assets/ui/fonts/VarelaRound-Regular.ttf
13:14:36.093 [JavaFX Application Thread] DEBUG AssetLoader          - Loading from disk: /assets/ui/fonts/lucida_console.ttf
13:14:36.102 [JavaFX Application Thread] DEBUG AssetLoader          - Loading from disk: /assets/ui/css/fxgl_dark.css
13:14:36.134 [JavaFX Application Thread] DEBUG AssetLoader          - Loading from disk: /assets/ui/cursors/fxgl_default.png
13:14:36.159 [JavaFX Application Thread] DEBUG AssetLoader          - Loading from disk: /assets/ui/cursors/fxgl_default.png
13:14:36.173 [JavaFX Application Thread] DEBUG GameScene            - Game scene initialized: 600x600
13:14:36.186 [JavaFX Application Thread] DEBUG GameWorld            - Game world initialized
13:14:36.642 [JavaFX Application Thread] DEBUG PhysicsWorld         - Physics world initialized: appHeight=600, physics.ppm=50.0
13:14:36.720 [JavaFX Application Thread] DEBUG Input                - Registered new binding: Pause - Esc
13:14:36.771 [JavaFX Application Thread] DEBUG Input                - Clearing active input actions
13:14:36.809 [JavaFX Application Thread] DEBUG AppStateMachine      - StartupState -> StartupState
13:14:36.824 [JavaFX Application Thread] INFO  GameApplication      - Game configuration took:  1.126 sec
13:14:36.829 [JavaFX Application Thread] DEBUG AssetLoader          - Loading from disk: /assets/textures/fxgl_icon.png
13:14:36.843 [JavaFX Application Thread] DEBUG MainWindow           - Opening main window
13:14:36.980 [JavaFX Application Thread] DEBUG MainWindow           - Window border size: (6.0, 28.0)
13:14:36.980 [JavaFX Application Thread] DEBUG MainWindow           - Scaled size: 600.0 x 600.0
13:14:36.980 [JavaFX Application Thread] DEBUG MainWindow           - Scaled ratio: (1.0, 1.0)
13:14:36.981 [JavaFX Application Thread] DEBUG MainWindow           - Scene size: 600.0 x 600.0
13:14:36.981 [JavaFX Application Thread] DEBUG MainWindow           - Stage size: 606.0 x 628.0
13:14:36.981 [JavaFX Application Thread] DEBUG GameApplication      - Running preInit()
13:14:36.989 [JavaFX Application Thread] DEBUG Input                - Registered new binding: Screenshot - P
13:14:36.991 [JavaFX Application Thread] DEBUG Input                - Registered new binding: Dev Options - CTRL+0
13:14:36.992 [JavaFX Application Thread] DEBUG Input                - Registered new binding: System info dump - CTRL+9
13:14:36.994 [JavaFX Application Thread] DEBUG Input                - Registered new binding: Restart - CTRL+R
13:14:36.994 [JavaFX Application Thread] DEBUG Input                - Registered new binding: Move Right - Right
13:14:36.995 [JavaFX Application Thread] DEBUG Input                - Registered new binding: Move UP - Up
13:14:36.995 [JavaFX Application Thread] DEBUG Input                - Registered new binding: Move DOWN - Down
13:14:36.995 [JavaFX Application Thread] DEBUG Input                - Registered new binding: Move LEFT - Left
13:14:37.022 [JavaFX Application Thread] DEBUG GameApplication      - Starting main loop
13:14:37.023 [JavaFX Application Thread] DEBUG StartupState         - STARTUP
13:14:37.023 [JavaFX Application Thread] DEBUG GameApplication      - Starting new game
13:14:37.024 [JavaFX Application Thread] DEBUG Input                - Clearing active input actions
13:14:37.029 [JavaFX Application Thread] DEBUG AppStateMachine      - StartupState -> LoadingState
13:14:37.039 [FXGL Background Thread 1 ] DEBUG InitAppTask          - Clearing previous game
13:14:37.039 [FXGL Background Thread 1 ] DEBUG GameWorld            - Clearing game world
13:14:37.039 [FXGL Background Thread 1 ] DEBUG PhysicsWorld         - Clearing physics world
13:14:37.039 [FXGL Background Thread 1 ] DEBUG GameScene            - Clearing game scene
13:14:37.047 [FXGL Background Thread 1 ] DEBUG InitAppTask          - Initializing Game
13:14:37.265 [FXGL Background Thread 1 ] DEBUG GameScene            - Creating render group for layer: DEFAULT(100000)
13:14:37.267 [FXGL Background Thread 1 ] DEBUG InitAppTask          - Initializing Physics
13:14:37.268 [FXGL Background Thread 1 ] DEBUG InitAppTask          - Initializing UI
13:14:37.268 [FXGL Background Thread 1 ] DEBUG InitAppTask          - Initialization Complete
13:14:37.268 [FXGL Background Thread 1 ] INFO  InitAppTask          - Game initialization took: 0.229 sec
13:14:37.280 [JavaFX Application Thread] DEBUG Input                - Clearing active input actions
13:14:37.286 [JavaFX Application Thread] DEBUG AppStateMachine      - LoadingState -> PlayState
13:14:37.649 [JavaFX Application Thread] FATAL GameApplication      - Uncaught Exception:

Fatal exception occurred: java.lang.IllegalArgumentException : Property pixelsMoved does not exist
E: com.almasb.fxgl.core.collection.PropertyMap.get(PropertyMap.kt:208)
E: com.almasb.fxgl.core.collection.PropertyMap.intProperty(PropertyMap.kt:161)
E: com.almasb.fxgl.core.collection.PropertyMap.increment(PropertyMap.kt:142)
E: com.almasb.fxgl.gameplay.GameState.increment(GameState.kt:58)
E: Tron$2.onAction(Tron.java:55)
E: com.almasb.fxgl.input.UserAction.fireAction(UserAction.java:80)
E: com.almasb.fxgl.input.Input.update(Input.kt:144)
E: com.almasb.fxgl.app.State.update(State.java:71)
E: com.almasb.fxgl.app.AppStateMachine.onUpdate(AppStateMachine.java:100)
E: com.almasb.fxgl.app.GameApplication.stepLoop(GameApplication.java:382)
E: com.almasb.fxgl.app.GameApplication$2.handle(GameApplication.java:348)
E: javafx.animation.AnimationTimer$AnimationTimerReceiver.lambda$handle$484(AnimationTimer.java:57)
E: java.security.AccessController.doPrivileged(Native Method)
E: javafx.animation.AnimationTimer$AnimationTimerReceiver.handle(AnimationTimer.java:56)
E: com.sun.scenario.animation.AbstractMasterTimer.timePulseImpl(AbstractMasterTimer.java:357)
E: com.sun.scenario.animation.AbstractMasterTimer$MainLoop.run(AbstractMasterTimer.java:267)
E: com.sun.javafx.tk.quantum.QuantumToolkit.pulse(QuantumToolkit.java:506)
E: com.sun.javafx.tk.quantum.QuantumToolkit.pulse(QuantumToolkit.java:490)
E: com.sun.javafx.tk.quantum.QuantumToolkit.lambda$runToolkit$404(QuantumToolkit.java:319)
E: com.sun.glass.ui.InvokeLaterDispatcher$Future.run(InvokeLaterDispatcher.java:95)
E: com.sun.glass.ui.win.WinApplication._runLoop(Native Method)
E: com.sun.glass.ui.win.WinApplication.lambda$null$148(WinApplication.java:191)
E: java.lang.Thread.run(Unknown Source)

13:14:37.650 [JavaFX Application Thread] FATAL GameApplication      - Application will now exit
13:14:37.650 [JavaFX Application Thread] DEBUG GameApplication      - Stopping main loop
13:14:41.764 [JavaFX Application Thread] DEBUG GameApplication      - Exiting game application
13:14:41.767 [JavaFX Application Thread] DEBUG GameApplication      - Shutting down background threads
13:14:41.768 [JavaFX Application Thread] DEBUG GameApplication      - Exiting FXGL
13:14:41.769 [JavaFX Application Thread] DEBUG FXGL                 - Saving FXGL system data
13:14:41.790 [JavaFX Application Thread] DEBUG DesktopFSService     - Writing to: system\fxgl.bundle
13:14:41.823 [JavaFX Application Thread] DEBUG GameApplication      - Closing logger and exiting JavaFX
