13:01:09.745 [JavaFX Application Thread] DEBUG GameApplication      - Logger initialized
13:01:09.764 [JavaFX Application Thread] DEBUG MainWindow           - Creating a JavaFX scene
13:01:09.840 [JavaFX Application Thread] DEBUG MainWindow           - Target settings size: 600.0 x 600.0
13:01:09.840 [JavaFX Application Thread] DEBUG MainWindow           - Scaled scene size:    600.0 x 600.0
13:01:09.840 [JavaFX Application Thread] DEBUG MainWindow           - Scaled ratio: (1.0, 1.0)
13:01:09.844 [JavaFX Application Thread] DEBUG GameApplication      - Starting FXGL
13:01:09.909 [JavaFX Application Thread] INFO  FXGL                 - FXGL-0.5.1 on DESKTOP
13:01:09.909 [JavaFX Application Thread] INFO  FXGL                 - Source code and latest versions at: https://github.com/AlmasB/FXGL
13:01:09.909 [JavaFX Application Thread] INFO  FXGL                 -              Join the FXGL chat at: https://gitter.im/AlmasB/FXGL
13:01:09.940 [JavaFX Application Thread] DEBUG FS                   - Loaded DesktopFSService
13:01:09.946 [JavaFX Application Thread] DEBUG FXGL                 - Loading FXGL system data
13:01:10.001 [JavaFX Application Thread] DEBUG DesktopFSService     - Reading from: system\fxgl.bundle
13:01:10.043 [JavaFX Application Thread] DEBUG Bundle               - Logging bundle: FXGL
13:01:10.045 [JavaFX Application Thread] DEBUG Bundle               - FXGL.offline.timer.version.check=2018-05-22T12:52:33.871
13:01:10.365 [JavaFX Application Thread] DEBUG GameApplication      - FXGL started
13:01:10.366 [JavaFX Application Thread] DEBUG GameApplication      - Logging game settings
Title: Tron
Version: 0.0
Width: 600
Height: 600
Fullscreen: false
Intro: false
Menus: false
Profiling: false
Single step:false
App Mode: DEVELOPER
Menu Key: ESCAPE
Stage Style: DECORATED
Scene Factory: class com.almasb.fxgl.scene.SceneFactory
Dialog Factory: class com.almasb.fxgl.ui.FXGLDialogFactory
UI Factory: class com.almasb.fxgl.ui.FXGLUIFactory
Notification Service: class com.almasb.fxgl.gameplay.notification.XboxNotificationView
Exception Handler: class com.almasb.fxgl.app.FXGLExceptionHandler
13:01:10.368 [JavaFX Application Thread] DEBUG GameApplication      - Configuring GameApplication
13:01:10.368 [JavaFX Application Thread] DEBUG GameApplication      - Initializing state machine and application states
13:01:10.464 [JavaFX Application Thread] DEBUG AssetLoader          - Loading from disk: /assets/ui/cursors/fxgl_default.png
13:01:10.524 [JavaFX Application Thread] DEBUG AssetLoader          - Loading from disk: /assets/ui/cursors/fxgl_default.png
13:01:10.550 [JavaFX Application Thread] DEBUG FXGLAssets           - Loading FXGLAssets
13:01:10.724 [JavaFX Application Thread] DEBUG AssetLoader          - Loading from disk: /assets/ui/fonts/VarelaRound-Regular.ttf
13:01:10.805 [JavaFX Application Thread] DEBUG AssetLoader          - Loading from disk: /assets/ui/fonts/lucida_console.ttf
13:01:10.815 [JavaFX Application Thread] DEBUG AssetLoader          - Loading from disk: /assets/ui/css/fxgl_dark.css
13:01:10.862 [JavaFX Application Thread] DEBUG AssetLoader          - Loading from disk: /assets/ui/cursors/fxgl_default.png
13:01:10.888 [JavaFX Application Thread] DEBUG AssetLoader          - Loading from disk: /assets/ui/cursors/fxgl_default.png
13:01:10.902 [JavaFX Application Thread] DEBUG GameScene            - Game scene initialized: 600x600
13:01:10.917 [JavaFX Application Thread] DEBUG GameWorld            - Game world initialized
13:01:11.394 [JavaFX Application Thread] DEBUG PhysicsWorld         - Physics world initialized: appHeight=600, physics.ppm=50.0
13:01:11.491 [JavaFX Application Thread] DEBUG Input                - Registered new binding: Pause - Esc
13:01:11.546 [JavaFX Application Thread] DEBUG Input                - Clearing active input actions
13:01:11.578 [JavaFX Application Thread] DEBUG AppStateMachine      - StartupState -> StartupState
13:01:11.593 [JavaFX Application Thread] INFO  GameApplication      - Game configuration took:  1.224 sec
13:01:11.597 [JavaFX Application Thread] DEBUG AssetLoader          - Loading from disk: /assets/textures/fxgl_icon.png
13:01:11.610 [JavaFX Application Thread] DEBUG MainWindow           - Opening main window
13:01:11.745 [JavaFX Application Thread] DEBUG MainWindow           - Window border size: (6.0, 28.0)
13:01:11.746 [JavaFX Application Thread] DEBUG MainWindow           - Scaled size: 600.0 x 600.0
13:01:11.746 [JavaFX Application Thread] DEBUG MainWindow           - Scaled ratio: (1.0, 1.0)
13:01:11.746 [JavaFX Application Thread] DEBUG MainWindow           - Scene size: 600.0 x 600.0
13:01:11.746 [JavaFX Application Thread] DEBUG MainWindow           - Stage size: 606.0 x 628.0
13:01:11.746 [JavaFX Application Thread] DEBUG GameApplication      - Running preInit()
13:01:11.754 [JavaFX Application Thread] DEBUG Input                - Registered new binding: Screenshot - P
13:01:11.756 [JavaFX Application Thread] DEBUG Input                - Registered new binding: Dev Options - CTRL+0
13:01:11.758 [JavaFX Application Thread] DEBUG Input                - Registered new binding: System info dump - CTRL+9
13:01:11.760 [JavaFX Application Thread] DEBUG Input                - Registered new binding: Restart - CTRL+R
13:01:11.760 [JavaFX Application Thread] DEBUG Input                - Registered new binding: Move Right - Right
13:01:11.787 [JavaFX Application Thread] DEBUG GameApplication      - Starting main loop
13:01:11.788 [JavaFX Application Thread] DEBUG StartupState         - STARTUP
13:01:11.789 [JavaFX Application Thread] DEBUG GameApplication      - Starting new game
13:01:11.789 [JavaFX Application Thread] DEBUG Input                - Clearing active input actions
13:01:11.794 [JavaFX Application Thread] DEBUG AppStateMachine      - StartupState -> LoadingState
13:01:11.804 [FXGL Background Thread 1 ] DEBUG InitAppTask          - Clearing previous game
13:01:11.804 [FXGL Background Thread 1 ] DEBUG GameWorld            - Clearing game world
13:01:11.804 [FXGL Background Thread 1 ] DEBUG PhysicsWorld         - Clearing physics world
13:01:11.804 [FXGL Background Thread 1 ] DEBUG GameScene            - Clearing game scene
13:01:11.811 [FXGL Background Thread 1 ] DEBUG InitAppTask          - Initializing Game
13:01:12.034 [FXGL Background Thread 1 ] DEBUG GameScene            - Creating render group for layer: DEFAULT(100000)
13:01:12.036 [FXGL Background Thread 1 ] DEBUG InitAppTask          - Initializing Physics
13:01:12.036 [FXGL Background Thread 1 ] DEBUG InitAppTask          - Initializing UI
13:01:12.036 [FXGL Background Thread 1 ] DEBUG InitAppTask          - Initialization Complete
13:01:12.037 [FXGL Background Thread 1 ] INFO  InitAppTask          - Game initialization took: 0.233 sec
13:01:12.038 [JavaFX Application Thread] DEBUG Input                - Clearing active input actions
13:01:12.046 [JavaFX Application Thread] DEBUG AppStateMachine      - LoadingState -> PlayState
13:01:20.733 [JavaFX Application Thread] DEBUG GameApplication      - Exiting game application
13:01:20.737 [JavaFX Application Thread] DEBUG GameApplication      - Shutting down background threads
13:01:20.738 [JavaFX Application Thread] DEBUG GameApplication      - Exiting FXGL
13:01:20.739 [JavaFX Application Thread] DEBUG FXGL                 - Saving FXGL system data
13:01:20.765 [JavaFX Application Thread] DEBUG DesktopFSService     - Writing to: system\fxgl.bundle
13:01:20.800 [JavaFX Application Thread] DEBUG GameApplication      - Closing logger and exiting JavaFX
