12:52:32.888 [JavaFX Application Thread] DEBUG GameApplication      - Logger initialized
12:52:32.905 [JavaFX Application Thread] DEBUG MainWindow           - Creating a JavaFX scene
12:52:32.974 [JavaFX Application Thread] DEBUG MainWindow           - Target settings size: 600.0 x 600.0
12:52:32.974 [JavaFX Application Thread] DEBUG MainWindow           - Scaled scene size:    600.0 x 600.0
12:52:32.974 [JavaFX Application Thread] DEBUG MainWindow           - Scaled ratio: (1.0, 1.0)
12:52:32.978 [JavaFX Application Thread] DEBUG GameApplication      - Starting FXGL
12:52:32.995 [JavaFX Application Thread] INFO  FXGL                 - FXGL-0.5.1 on DESKTOP
12:52:32.996 [JavaFX Application Thread] INFO  FXGL                 - Source code and latest versions at: https://github.com/AlmasB/FXGL
12:52:32.996 [JavaFX Application Thread] INFO  FXGL                 -              Join the FXGL chat at: https://gitter.im/AlmasB/FXGL
12:52:33.031 [JavaFX Application Thread] DEBUG FS                   - Loaded DesktopFSService
12:52:33.055 [JavaFX Application Thread] DEBUG FXGL                 - Loading default FXGL system data
12:52:33.288 [ForkJoinPool.commonPool-worker-1] DEBUG UpdaterTask          - Checking for updates
12:52:33.301 [JavaFX Application Thread] DEBUG GameApplication      - FXGL started
12:52:33.302 [JavaFX Application Thread] DEBUG GameApplication      - Logging game settings
Title: Tron
Version: 0.0
Width: 600
Height: 600
Fullscreen: false
Intro: false
Menus: false
Profiling: false
Single step:false
App Mode: DEVELOPER
Menu Key: ESCAPE
Stage Style: DECORATED
Scene Factory: class com.almasb.fxgl.scene.SceneFactory
Dialog Factory: class com.almasb.fxgl.ui.FXGLDialogFactory
UI Factory: class com.almasb.fxgl.ui.FXGLUIFactory
Notification Service: class com.almasb.fxgl.gameplay.notification.XboxNotificationView
Exception Handler: class com.almasb.fxgl.app.FXGLExceptionHandler
12:52:33.302 [JavaFX Application Thread] DEBUG GameApplication      - Configuring GameApplication
12:52:33.302 [JavaFX Application Thread] DEBUG GameApplication      - Initializing state machine and application states
12:52:33.363 [JavaFX Application Thread] DEBUG AssetLoader          - Loading from disk: /assets/ui/cursors/fxgl_default.png
12:52:33.395 [JavaFX Application Thread] DEBUG AssetLoader          - Loading from disk: /assets/ui/cursors/fxgl_default.png
12:52:33.417 [JavaFX Application Thread] DEBUG FXGLAssets           - Loading FXGLAssets
12:52:33.642 [JavaFX Application Thread] DEBUG AssetLoader          - Loading from disk: /assets/ui/fonts/VarelaRound-Regular.ttf
12:52:33.682 [JavaFX Application Thread] DEBUG AssetLoader          - Loading from disk: /assets/ui/fonts/lucida_console.ttf
12:52:33.692 [JavaFX Application Thread] DEBUG AssetLoader          - Loading from disk: /assets/ui/css/fxgl_dark.css
12:52:33.729 [JavaFX Application Thread] DEBUG AssetLoader          - Loading from disk: /assets/ui/cursors/fxgl_default.png
12:52:33.757 [JavaFX Application Thread] DEBUG AssetLoader          - Loading from disk: /assets/ui/cursors/fxgl_default.png
12:52:33.770 [JavaFX Application Thread] DEBUG GameScene            - Game scene initialized: 600x600
12:52:33.790 [JavaFX Application Thread] DEBUG GameWorld            - Game world initialized
12:52:34.184 [JavaFX Application Thread] DEBUG PhysicsWorld         - Physics world initialized: appHeight=600, physics.ppm=50.0
12:52:34.203 [JavaFX Application Thread] DEBUG Input                - Registered new binding: Pause - Esc
12:52:34.270 [JavaFX Application Thread] DEBUG Input                - Clearing active input actions
12:52:34.350 [JavaFX Application Thread] DEBUG AppStateMachine      - StartupState -> StartupState
12:52:34.363 [JavaFX Application Thread] INFO  GameApplication      - Game configuration took:  1.060 sec
12:52:34.368 [JavaFX Application Thread] DEBUG AssetLoader          - Loading from disk: /assets/textures/fxgl_icon.png
12:52:34.381 [JavaFX Application Thread] DEBUG MainWindow           - Opening main window
12:52:34.526 [JavaFX Application Thread] DEBUG MainWindow           - Window border size: (6.0, 28.0)
12:52:34.526 [JavaFX Application Thread] DEBUG MainWindow           - Scaled size: 600.0 x 600.0
12:52:34.526 [JavaFX Application Thread] DEBUG MainWindow           - Scaled ratio: (1.0, 1.0)
12:52:34.526 [JavaFX Application Thread] DEBUG MainWindow           - Scene size: 600.0 x 600.0
12:52:34.527 [JavaFX Application Thread] DEBUG MainWindow           - Stage size: 606.0 x 628.0
12:52:34.527 [JavaFX Application Thread] DEBUG GameApplication      - Running preInit()
12:52:34.533 [JavaFX Application Thread] DEBUG Input                - Registered new binding: Screenshot - P
12:52:34.536 [JavaFX Application Thread] DEBUG Input                - Registered new binding: Dev Options - CTRL+0
12:52:34.538 [JavaFX Application Thread] DEBUG Input                - Registered new binding: System info dump - CTRL+9
12:52:34.540 [JavaFX Application Thread] DEBUG Input                - Registered new binding: Restart - CTRL+R
12:52:34.576 [JavaFX Application Thread] DEBUG GameApplication      - Starting main loop
12:52:34.578 [JavaFX Application Thread] DEBUG StartupState         - STARTUP
12:52:34.578 [JavaFX Application Thread] DEBUG GameApplication      - Starting new game
12:52:34.578 [JavaFX Application Thread] DEBUG Input                - Clearing active input actions
12:52:34.583 [JavaFX Application Thread] DEBUG AppStateMachine      - StartupState -> LoadingState
12:52:34.592 [FXGL Background Thread 1 ] DEBUG InitAppTask          - Clearing previous game
12:52:34.593 [FXGL Background Thread 1 ] DEBUG GameWorld            - Clearing game world
12:52:34.593 [FXGL Background Thread 1 ] DEBUG PhysicsWorld         - Clearing physics world
12:52:34.593 [FXGL Background Thread 1 ] DEBUG GameScene            - Clearing game scene
12:52:34.600 [FXGL Background Thread 1 ] DEBUG InitAppTask          - Initializing Game
12:52:34.630 [FXGL Background Thread 1 ] DEBUG InitAppTask          - Initializing Physics
12:52:34.631 [FXGL Background Thread 1 ] DEBUG InitAppTask          - Initializing UI
12:52:34.631 [FXGL Background Thread 1 ] DEBUG InitAppTask          - Initialization Complete
12:52:34.631 [FXGL Background Thread 1 ] INFO  InitAppTask          - Game initialization took: 0.038 sec
12:52:34.692 [JavaFX Application Thread] DEBUG Input                - Clearing active input actions
12:52:34.697 [JavaFX Application Thread] DEBUG AppStateMachine      - LoadingState -> PlayState
12:52:38.765 [JavaFX Application Thread] DEBUG GameApplication      - Exiting game application
12:52:38.770 [JavaFX Application Thread] DEBUG GameApplication      - Shutting down background threads
12:52:38.771 [JavaFX Application Thread] DEBUG GameApplication      - Exiting FXGL
12:52:38.771 [JavaFX Application Thread] DEBUG FXGL                 - Saving FXGL system data
12:52:38.797 [JavaFX Application Thread] DEBUG DesktopFSService     - Writing to: system\fxgl.bundle
12:52:38.858 [JavaFX Application Thread] DEBUG GameApplication      - Closing logger and exiting JavaFX
