13:15:04.992 [JavaFX Application Thread] DEBUG GameApplication      - Logger initialized
13:15:04.998 [JavaFX Application Thread] DEBUG MainWindow           - Creating a JavaFX scene
13:15:05.072 [JavaFX Application Thread] DEBUG MainWindow           - Target settings size: 800.0 x 800.0
13:15:05.072 [JavaFX Application Thread] DEBUG MainWindow           - Scaled scene size:    800.0 x 800.0
13:15:05.072 [JavaFX Application Thread] DEBUG MainWindow           - Scaled ratio: (1.0, 1.0)
13:15:05.076 [JavaFX Application Thread] DEBUG GameApplication      - Starting FXGL
13:15:05.085 [JavaFX Application Thread] INFO  FXGL                 - FXGL-0.5.1 on DESKTOP
13:15:05.085 [JavaFX Application Thread] INFO  FXGL                 - Source code and latest versions at: https://github.com/AlmasB/FXGL
13:15:05.086 [JavaFX Application Thread] INFO  FXGL                 -              Join the FXGL chat at: https://gitter.im/AlmasB/FXGL
13:15:05.091 [JavaFX Application Thread] DEBUG FS                   - Loaded DesktopFSService
13:15:05.091 [JavaFX Application Thread] DEBUG FXGL                 - Loading FXGL system data
13:15:05.096 [JavaFX Application Thread] DEBUG DesktopFSService     - Reading from: system\fxgl.bundle
13:15:05.102 [JavaFX Application Thread] DEBUG Bundle               - Logging bundle: FXGL
13:15:05.103 [JavaFX Application Thread] DEBUG Bundle               - FXGL.offline.timer.version.check=2018-05-22T13:06:30.400
13:15:05.123 [JavaFX Application Thread] DEBUG GameApplication      - FXGL started
13:15:05.124 [JavaFX Application Thread] DEBUG GameApplication      - Logging game settings
Title: Tron
Version: 0.1
Width: 800
Height: 800
Fullscreen: false
Intro: false
Menus: false
Profiling: false
Single step:false
App Mode: DEVELOPER
Menu Key: ESCAPE
Stage Style: DECORATED
Scene Factory: class com.almasb.fxgl.scene.SceneFactory
Dialog Factory: class com.almasb.fxgl.ui.FXGLDialogFactory
UI Factory: class com.almasb.fxgl.ui.FXGLUIFactory
Notification Service: class com.almasb.fxgl.gameplay.notification.XboxNotificationView
Exception Handler: class com.almasb.fxgl.app.FXGLExceptionHandler
13:15:05.124 [JavaFX Application Thread] DEBUG GameApplication      - Configuring GameApplication
13:15:05.124 [JavaFX Application Thread] DEBUG GameApplication      - Initializing state machine and application states
13:15:05.133 [JavaFX Application Thread] DEBUG AssetLoader          - Loading from disk: /assets/ui/cursors/fxgl_default.png
13:15:05.150 [JavaFX Application Thread] DEBUG AssetLoader          - Loading from disk: /assets/ui/cursors/fxgl_default.png
13:15:05.165 [JavaFX Application Thread] DEBUG FXGLAssets           - Loading FXGLAssets
13:15:05.189 [JavaFX Application Thread] DEBUG AssetLoader          - Loading from disk: /assets/ui/fonts/VarelaRound-Regular.ttf
13:15:05.228 [JavaFX Application Thread] DEBUG AssetLoader          - Loading from disk: /assets/ui/fonts/lucida_console.ttf
13:15:05.231 [JavaFX Application Thread] DEBUG AssetLoader          - Loading from disk: /assets/ui/css/fxgl_dark.css
13:15:05.253 [JavaFX Application Thread] DEBUG AssetLoader          - Loading from disk: /assets/ui/cursors/fxgl_default.png
13:15:05.277 [JavaFX Application Thread] DEBUG AssetLoader          - Loading from disk: /assets/ui/cursors/fxgl_default.png
13:15:05.292 [JavaFX Application Thread] DEBUG GameScene            - Game scene initialized: 800x800
13:15:05.294 [JavaFX Application Thread] DEBUG GameWorld            - Game world initialized
13:15:05.336 [JavaFX Application Thread] DEBUG PhysicsWorld         - Physics world initialized: appHeight=800, physics.ppm=50.0
13:15:05.351 [JavaFX Application Thread] DEBUG Input                - Registered new binding: Pause - Esc
13:15:05.365 [JavaFX Application Thread] DEBUG Input                - Clearing active input actions
13:15:05.394 [JavaFX Application Thread] DEBUG AppStateMachine      - StartupState -> StartupState
13:15:05.397 [JavaFX Application Thread] INFO  GameApplication      - Game configuration took:  0.273 sec
13:15:05.399 [JavaFX Application Thread] DEBUG AssetLoader          - Loading from disk: /assets/textures/fxgl_icon.png
13:15:05.409 [JavaFX Application Thread] DEBUG MainWindow           - Opening main window
13:15:05.556 [JavaFX Application Thread] DEBUG MainWindow           - Window border size: (6.0, 28.0)
13:15:05.556 [JavaFX Application Thread] DEBUG MainWindow           - Scaled size: 800.0 x 800.0
13:15:05.556 [JavaFX Application Thread] DEBUG MainWindow           - Scaled ratio: (1.0, 1.0)
13:15:05.556 [JavaFX Application Thread] DEBUG MainWindow           - Scene size: 800.0 x 800.0
13:15:05.557 [JavaFX Application Thread] DEBUG MainWindow           - Stage size: 806.0 x 828.0
13:15:05.557 [JavaFX Application Thread] DEBUG GameApplication      - Running preInit()
13:15:05.559 [JavaFX Application Thread] DEBUG Input                - Registered new binding: Screenshot - P
13:15:05.559 [JavaFX Application Thread] DEBUG Input                - Registered new binding: Dev Options - CTRL+0
13:15:05.559 [JavaFX Application Thread] DEBUG Input                - Registered new binding: System info dump - CTRL+9
13:15:05.560 [JavaFX Application Thread] DEBUG Input                - Registered new binding: Restart - CTRL+R
13:15:05.560 [JavaFX Application Thread] DEBUG Input                - Registered new binding: Move Right - D
13:15:05.560 [JavaFX Application Thread] DEBUG Input                - Registered new binding: Move Left - A
13:15:05.560 [JavaFX Application Thread] DEBUG Input                - Registered new binding: Move Up - W
13:15:05.560 [JavaFX Application Thread] DEBUG Input                - Registered new binding: Move Down - S
13:15:05.586 [JavaFX Application Thread] DEBUG GameApplication      - Starting main loop
13:15:05.587 [JavaFX Application Thread] DEBUG StartupState         - STARTUP
13:15:05.588 [JavaFX Application Thread] DEBUG GameApplication      - Starting new game
13:15:05.588 [JavaFX Application Thread] DEBUG Input                - Clearing active input actions
13:15:05.593 [JavaFX Application Thread] DEBUG AppStateMachine      - StartupState -> LoadingState
13:15:05.598 [FXGL Background Thread 1 ] DEBUG InitAppTask          - Clearing previous game
13:15:05.599 [FXGL Background Thread 1 ] DEBUG GameWorld            - Clearing game world
13:15:05.599 [FXGL Background Thread 1 ] DEBUG PhysicsWorld         - Clearing physics world
13:15:05.599 [FXGL Background Thread 1 ] DEBUG GameScene            - Clearing game scene
13:15:05.600 [FXGL Background Thread 1 ] DEBUG InitAppTask          - Initializing Game
13:15:05.635 [FXGL Background Thread 1 ] DEBUG GameScene            - Creating render group for layer: DEFAULT(100000)
13:15:05.637 [FXGL Background Thread 1 ] DEBUG InitAppTask          - Initializing Physics
13:15:05.637 [FXGL Background Thread 1 ] DEBUG InitAppTask          - Initializing UI
13:15:05.639 [FXGL Background Thread 1 ] DEBUG InitAppTask          - Initialization Complete
13:15:05.640 [FXGL Background Thread 1 ] INFO  InitAppTask          - Game initialization took: 0.041 sec
13:15:05.682 [JavaFX Application Thread] DEBUG Input                - Clearing active input actions
13:15:05.689 [JavaFX Application Thread] DEBUG AppStateMachine      - LoadingState -> PlayState
13:15:13.761 [JavaFX Application Thread] DEBUG GameApplication      - Exiting game application
13:15:13.763 [JavaFX Application Thread] DEBUG GameApplication      - Shutting down background threads
13:15:13.764 [JavaFX Application Thread] DEBUG GameApplication      - Exiting FXGL
13:15:13.764 [JavaFX Application Thread] DEBUG FXGL                 - Saving FXGL system data
13:15:13.770 [JavaFX Application Thread] DEBUG DesktopFSService     - Writing to: system\fxgl.bundle
13:15:13.779 [JavaFX Application Thread] DEBUG GameApplication      - Closing logger and exiting JavaFX
