12:56:39.535 [JavaFX Application Thread] DEBUG GameApplication      - Logger initialized
12:56:39.543 [JavaFX Application Thread] DEBUG MainWindow           - Creating a JavaFX scene
12:56:39.612 [JavaFX Application Thread] DEBUG MainWindow           - Target settings size: 800.0 x 600.0
12:56:39.612 [JavaFX Application Thread] DEBUG MainWindow           - Scaled scene size:    800.0 x 600.0
12:56:39.612 [JavaFX Application Thread] DEBUG MainWindow           - Scaled ratio: (1.0, 1.0)
12:56:39.616 [JavaFX Application Thread] DEBUG GameApplication      - Starting FXGL
12:56:39.659 [JavaFX Application Thread] INFO  FXGL                 - FXGL-0.5.1 on DESKTOP
12:56:39.659 [JavaFX Application Thread] INFO  FXGL                 - Source code and latest versions at: https://github.com/AlmasB/FXGL
12:56:39.659 [JavaFX Application Thread] INFO  FXGL                 -              Join the FXGL chat at: https://gitter.im/AlmasB/FXGL
12:56:39.725 [JavaFX Application Thread] DEBUG FS                   - Loaded DesktopFSService
12:56:39.727 [JavaFX Application Thread] DEBUG FXGL                 - Loading FXGL system data
12:56:39.889 [JavaFX Application Thread] DEBUG DesktopFSService     - Reading from: system\fxgl.bundle
12:56:39.959 [JavaFX Application Thread] DEBUG Bundle               - Logging bundle: FXGL
12:56:39.961 [JavaFX Application Thread] DEBUG Bundle               - FXGL.offline.timer.version.check=2018-05-22T13:06:30.400
12:56:40.173 [JavaFX Application Thread] DEBUG GameApplication      - FXGL started
12:56:40.173 [JavaFX Application Thread] DEBUG GameApplication      - Logging game settings
Title: Cannon
Version: 0.2.1
Width: 800
Height: 600
Fullscreen: false
Intro: false
Menus: false
Profiling: false
Single step:false
App Mode: DEVELOPER
Menu Key: ESCAPE
Stage Style: DECORATED
Scene Factory: class com.almasb.fxgl.scene.SceneFactory
Dialog Factory: class com.almasb.fxgl.ui.FXGLDialogFactory
UI Factory: class com.almasb.fxgl.ui.FXGLUIFactory
Notification Service: class com.almasb.fxgl.gameplay.notification.XboxNotificationView
Exception Handler: class com.almasb.fxgl.app.FXGLExceptionHandler
12:56:40.174 [JavaFX Application Thread] DEBUG GameApplication      - Configuring GameApplication
12:56:40.174 [JavaFX Application Thread] DEBUG GameApplication      - Initializing state machine and application states
12:56:40.196 [JavaFX Application Thread] DEBUG AssetLoader          - Loading from disk: /assets/ui/cursors/fxgl_default.png
12:56:40.235 [JavaFX Application Thread] DEBUG AssetLoader          - Loading from disk: /assets/ui/cursors/fxgl_default.png
12:56:40.300 [JavaFX Application Thread] DEBUG FXGLAssets           - Loading FXGLAssets
12:56:40.454 [JavaFX Application Thread] DEBUG AssetLoader          - Loading from disk: /assets/ui/fonts/VarelaRound-Regular.ttf
12:56:40.566 [JavaFX Application Thread] DEBUG AssetLoader          - Loading from disk: /assets/ui/fonts/lucida_console.ttf
12:56:40.570 [JavaFX Application Thread] DEBUG AssetLoader          - Loading from disk: /assets/ui/css/fxgl_dark.css
12:56:40.598 [JavaFX Application Thread] DEBUG AssetLoader          - Loading from disk: /assets/ui/cursors/fxgl_default.png
12:56:40.624 [JavaFX Application Thread] DEBUG AssetLoader          - Loading from disk: /assets/ui/cursors/fxgl_default.png
12:56:40.638 [JavaFX Application Thread] DEBUG GameScene            - Game scene initialized: 800x600
12:56:40.648 [JavaFX Application Thread] DEBUG GameWorld            - Game world initialized
12:56:40.774 [JavaFX Application Thread] DEBUG PhysicsWorld         - Physics world initialized: appHeight=600, physics.ppm=50.0
12:56:40.821 [JavaFX Application Thread] DEBUG Input                - Registered new binding: Pause - Esc
12:56:40.847 [JavaFX Application Thread] DEBUG Input                - Clearing active input actions
12:56:40.876 [JavaFX Application Thread] DEBUG AppStateMachine      - StartupState -> StartupState
12:56:40.879 [JavaFX Application Thread] INFO  GameApplication      - Game configuration took:  0.705 sec
12:56:40.881 [JavaFX Application Thread] DEBUG AssetLoader          - Loading from disk: /assets/textures/fxgl_icon.png
12:56:40.891 [JavaFX Application Thread] DEBUG MainWindow           - Opening main window
12:56:41.050 [JavaFX Application Thread] DEBUG MainWindow           - Window border size: (6.0, 28.0)
12:56:41.050 [JavaFX Application Thread] DEBUG MainWindow           - Scaled size: 800.0 x 600.0
12:56:41.050 [JavaFX Application Thread] DEBUG MainWindow           - Scaled ratio: (1.0, 1.0)
12:56:41.050 [JavaFX Application Thread] DEBUG MainWindow           - Scene size: 800.0 x 600.0
12:56:41.050 [JavaFX Application Thread] DEBUG MainWindow           - Stage size: 806.0 x 628.0
12:56:41.050 [JavaFX Application Thread] DEBUG GameApplication      - Running preInit()
12:56:41.064 [JavaFX Application Thread] DEBUG Input                - Registered new binding: Screenshot - P
12:56:41.064 [JavaFX Application Thread] DEBUG Input                - Registered new binding: Dev Options - CTRL+0
12:56:41.065 [JavaFX Application Thread] DEBUG Input                - Registered new binding: System info dump - CTRL+9
12:56:41.065 [JavaFX Application Thread] DEBUG Input                - Registered new binding: Restart - CTRL+R
12:56:41.066 [JavaFX Application Thread] DEBUG Input                - Registered new binding: Shoot - LMB
12:56:41.092 [JavaFX Application Thread] DEBUG GameApplication      - Starting main loop
12:56:41.094 [JavaFX Application Thread] DEBUG StartupState         - STARTUP
12:56:41.094 [JavaFX Application Thread] DEBUG GameApplication      - Starting new game
12:56:41.094 [JavaFX Application Thread] DEBUG Input                - Clearing active input actions
12:56:41.099 [JavaFX Application Thread] DEBUG AppStateMachine      - StartupState -> LoadingState
12:56:41.103 [FXGL Background Thread 1 ] DEBUG InitAppTask          - Clearing previous game
12:56:41.103 [FXGL Background Thread 1 ] DEBUG GameWorld            - Clearing game world
12:56:41.103 [FXGL Background Thread 1 ] DEBUG PhysicsWorld         - Clearing physics world
12:56:41.104 [FXGL Background Thread 1 ] DEBUG GameScene            - Clearing game scene
12:56:41.107 [FXGL Background Thread 1 ] DEBUG InitAppTask          - Initializing Game
12:56:41.250 [FXGL Background Thread 1 ] DEBUG GameScene            - Creating render group for layer: DEFAULT(100000)
12:56:41.259 [FXGL Background Thread 1 ] DEBUG InitAppTask          - Initializing Physics
12:56:41.260 [FXGL Background Thread 1 ] DEBUG InitAppTask          - Initializing UI
12:56:41.261 [FXGL Background Thread 1 ] DEBUG InitAppTask          - Initialization Complete
12:56:41.261 [FXGL Background Thread 1 ] INFO  InitAppTask          - Game initialization took: 0.158 sec
12:56:41.273 [JavaFX Application Thread] DEBUG Input                - Clearing active input actions
12:56:41.277 [JavaFX Application Thread] DEBUG AppStateMachine      - LoadingState -> PlayState
12:57:36.263 [JavaFX Application Thread] DEBUG GameApplication      - Exiting game application
12:57:36.266 [JavaFX Application Thread] DEBUG GameApplication      - Shutting down background threads
12:57:36.268 [JavaFX Application Thread] DEBUG GameApplication      - Exiting FXGL
12:57:36.269 [JavaFX Application Thread] DEBUG FXGL                 - Saving FXGL system data
12:57:36.291 [JavaFX Application Thread] DEBUG DesktopFSService     - Writing to: system\fxgl.bundle
12:57:36.316 [JavaFX Application Thread] DEBUG GameApplication      - Closing logger and exiting JavaFX
