13:24:04.371 [JavaFX Application Thread] DEBUG GameApplication      - Logger initialized
13:24:04.376 [JavaFX Application Thread] DEBUG MainWindow           - Creating a JavaFX scene
13:24:04.446 [JavaFX Application Thread] DEBUG MainWindow           - Target settings size: 600.0 x 600.0
13:24:04.446 [JavaFX Application Thread] DEBUG MainWindow           - Scaled scene size:    600.0 x 600.0
13:24:04.446 [JavaFX Application Thread] DEBUG MainWindow           - Scaled ratio: (1.0, 1.0)
13:24:04.450 [JavaFX Application Thread] DEBUG GameApplication      - Starting FXGL
13:24:04.460 [JavaFX Application Thread] INFO  FXGL                 - FXGL-0.5.1 on DESKTOP
13:24:04.461 [JavaFX Application Thread] INFO  FXGL                 - Source code and latest versions at: https://github.com/AlmasB/FXGL
13:24:04.461 [JavaFX Application Thread] INFO  FXGL                 -              Join the FXGL chat at: https://gitter.im/AlmasB/FXGL
13:24:04.466 [JavaFX Application Thread] DEBUG FS                   - Loaded DesktopFSService
13:24:04.467 [JavaFX Application Thread] DEBUG FXGL                 - Loading FXGL system data
13:24:04.472 [JavaFX Application Thread] DEBUG DesktopFSService     - Reading from: system\fxgl.bundle
13:24:04.479 [JavaFX Application Thread] DEBUG Bundle               - Logging bundle: FXGL
13:24:04.479 [JavaFX Application Thread] DEBUG Bundle               - FXGL.offline.timer.version.check=2018-05-22T13:06:30.400
13:24:04.504 [JavaFX Application Thread] DEBUG GameApplication      - FXGL started
13:24:04.504 [JavaFX Application Thread] DEBUG GameApplication      - Logging game settings
Title: Basic Game App
Version: 0.1
Width: 600
Height: 600
Fullscreen: false
Intro: false
Menus: false
Profiling: false
Single step:false
App Mode: DEVELOPER
Menu Key: ESCAPE
Stage Style: DECORATED
Scene Factory: class com.almasb.fxgl.scene.SceneFactory
Dialog Factory: class com.almasb.fxgl.ui.FXGLDialogFactory
UI Factory: class com.almasb.fxgl.ui.FXGLUIFactory
Notification Service: class com.almasb.fxgl.gameplay.notification.XboxNotificationView
Exception Handler: class com.almasb.fxgl.app.FXGLExceptionHandler
13:24:04.505 [JavaFX Application Thread] DEBUG GameApplication      - Configuring GameApplication
13:24:04.505 [JavaFX Application Thread] DEBUG GameApplication      - Initializing state machine and application states
13:24:04.515 [JavaFX Application Thread] DEBUG AssetLoader          - Loading from disk: /assets/ui/cursors/fxgl_default.png
13:24:04.532 [JavaFX Application Thread] DEBUG AssetLoader          - Loading from disk: /assets/ui/cursors/fxgl_default.png
13:24:04.548 [JavaFX Application Thread] DEBUG FXGLAssets           - Loading FXGLAssets
13:24:04.572 [JavaFX Application Thread] DEBUG AssetLoader          - Loading from disk: /assets/ui/fonts/VarelaRound-Regular.ttf
13:24:04.613 [JavaFX Application Thread] DEBUG AssetLoader          - Loading from disk: /assets/ui/fonts/lucida_console.ttf
13:24:04.616 [JavaFX Application Thread] DEBUG AssetLoader          - Loading from disk: /assets/ui/css/fxgl_dark.css
13:24:04.638 [JavaFX Application Thread] DEBUG AssetLoader          - Loading from disk: /assets/ui/cursors/fxgl_default.png
13:24:04.663 [JavaFX Application Thread] DEBUG AssetLoader          - Loading from disk: /assets/ui/cursors/fxgl_default.png
13:24:04.677 [JavaFX Application Thread] DEBUG GameScene            - Game scene initialized: 600x600
13:24:04.680 [JavaFX Application Thread] DEBUG GameWorld            - Game world initialized
13:24:04.721 [JavaFX Application Thread] DEBUG PhysicsWorld         - Physics world initialized: appHeight=600, physics.ppm=50.0
13:24:04.740 [JavaFX Application Thread] DEBUG Input                - Registered new binding: Pause - Esc
13:24:04.755 [JavaFX Application Thread] DEBUG Input                - Clearing active input actions
13:24:04.787 [JavaFX Application Thread] DEBUG AppStateMachine      - StartupState -> StartupState
13:24:04.791 [JavaFX Application Thread] INFO  GameApplication      - Game configuration took:  0.286 sec
13:24:04.792 [JavaFX Application Thread] DEBUG AssetLoader          - Loading from disk: /assets/textures/fxgl_icon.png
13:24:04.803 [JavaFX Application Thread] DEBUG MainWindow           - Opening main window
13:24:04.938 [JavaFX Application Thread] DEBUG MainWindow           - Window border size: (6.0, 28.0)
13:24:04.938 [JavaFX Application Thread] DEBUG MainWindow           - Scaled size: 600.0 x 600.0
13:24:04.938 [JavaFX Application Thread] DEBUG MainWindow           - Scaled ratio: (1.0, 1.0)
13:24:04.938 [JavaFX Application Thread] DEBUG MainWindow           - Scene size: 600.0 x 600.0
13:24:04.938 [JavaFX Application Thread] DEBUG MainWindow           - Stage size: 606.0 x 628.0
13:24:04.938 [JavaFX Application Thread] DEBUG GameApplication      - Running preInit()
13:24:04.940 [JavaFX Application Thread] DEBUG Input                - Registered new binding: Screenshot - P
13:24:04.940 [JavaFX Application Thread] DEBUG Input                - Registered new binding: Dev Options - CTRL+0
13:24:04.941 [JavaFX Application Thread] DEBUG Input                - Registered new binding: System info dump - CTRL+9
13:24:04.941 [JavaFX Application Thread] DEBUG Input                - Registered new binding: Restart - CTRL+R
13:24:04.941 [JavaFX Application Thread] DEBUG Input                - Registered new binding: Move Right - D
13:24:04.942 [JavaFX Application Thread] DEBUG Input                - Registered new binding: Move Left - A
13:24:04.942 [JavaFX Application Thread] DEBUG Input                - Registered new binding: Move Up - W
13:24:04.942 [JavaFX Application Thread] DEBUG Input                - Registered new binding: Move Down - S
13:24:04.968 [JavaFX Application Thread] DEBUG GameApplication      - Starting main loop
13:24:04.969 [JavaFX Application Thread] DEBUG StartupState         - STARTUP
13:24:04.969 [JavaFX Application Thread] DEBUG GameApplication      - Starting new game
13:24:04.969 [JavaFX Application Thread] DEBUG Input                - Clearing active input actions
13:24:04.975 [JavaFX Application Thread] DEBUG AppStateMachine      - StartupState -> LoadingState
13:24:04.979 [FXGL Background Thread 1 ] DEBUG InitAppTask          - Clearing previous game
13:24:04.979 [FXGL Background Thread 1 ] DEBUG GameWorld            - Clearing game world
13:24:04.979 [FXGL Background Thread 1 ] DEBUG PhysicsWorld         - Clearing physics world
13:24:04.979 [FXGL Background Thread 1 ] DEBUG GameScene            - Clearing game scene
13:24:04.980 [FXGL Background Thread 1 ] DEBUG InitAppTask          - Initializing Game
13:24:05.016 [FXGL Background Thread 1 ] DEBUG GameScene            - Creating render group for layer: DEFAULT(100000)
13:24:05.017 [FXGL Background Thread 1 ] DEBUG InitAppTask          - Initializing Physics
13:24:05.017 [FXGL Background Thread 1 ] DEBUG InitAppTask          - Initializing UI
13:24:05.018 [FXGL Background Thread 1 ] DEBUG InitAppTask          - Initialization Complete
13:24:05.019 [FXGL Background Thread 1 ] INFO  InitAppTask          - Game initialization took: 0.039 sec
13:24:05.074 [JavaFX Application Thread] DEBUG Input                - Clearing active input actions
13:24:05.079 [JavaFX Application Thread] DEBUG AppStateMachine      - LoadingState -> PlayState
13:24:15.242 [JavaFX Application Thread] DEBUG GameApplication      - Exiting game application
13:24:15.244 [JavaFX Application Thread] DEBUG GameApplication      - Shutting down background threads
13:24:15.245 [JavaFX Application Thread] DEBUG GameApplication      - Exiting FXGL
13:24:15.246 [JavaFX Application Thread] DEBUG FXGL                 - Saving FXGL system data
13:24:15.252 [JavaFX Application Thread] DEBUG DesktopFSService     - Writing to: system\fxgl.bundle
13:24:15.261 [JavaFX Application Thread] DEBUG GameApplication      - Closing logger and exiting JavaFX
