13:22:14.932 [JavaFX Application Thread] DEBUG GameApplication      - Logger initialized
13:22:14.937 [JavaFX Application Thread] DEBUG MainWindow           - Creating a JavaFX scene
13:22:15.007 [JavaFX Application Thread] DEBUG MainWindow           - Target settings size: 800.0 x 600.0
13:22:15.007 [JavaFX Application Thread] DEBUG MainWindow           - Scaled scene size:    800.0 x 600.0
13:22:15.007 [JavaFX Application Thread] DEBUG MainWindow           - Scaled ratio: (1.0, 1.0)
13:22:15.012 [JavaFX Application Thread] DEBUG GameApplication      - Starting FXGL
13:22:15.022 [JavaFX Application Thread] INFO  FXGL                 - FXGL-0.5.1 on DESKTOP
13:22:15.022 [JavaFX Application Thread] INFO  FXGL                 - Source code and latest versions at: https://github.com/AlmasB/FXGL
13:22:15.022 [JavaFX Application Thread] INFO  FXGL                 -              Join the FXGL chat at: https://gitter.im/AlmasB/FXGL
13:22:15.027 [JavaFX Application Thread] DEBUG FS                   - Loaded DesktopFSService
13:22:15.028 [JavaFX Application Thread] DEBUG FXGL                 - Loading FXGL system data
13:22:15.033 [JavaFX Application Thread] DEBUG DesktopFSService     - Reading from: system\fxgl.bundle
13:22:15.040 [JavaFX Application Thread] DEBUG Bundle               - Logging bundle: FXGL
13:22:15.040 [JavaFX Application Thread] DEBUG Bundle               - FXGL.offline.timer.version.check=2018-05-22T13:06:30.400
13:22:15.061 [JavaFX Application Thread] DEBUG GameApplication      - FXGL started
13:22:15.062 [JavaFX Application Thread] DEBUG GameApplication      - Logging game settings
Title: BG Sample
Version: 0.1
Width: 800
Height: 600
Fullscreen: false
Intro: false
Menus: true
Profiling: false
Single step:false
App Mode: DEVELOPER
Menu Key: ESCAPE
Stage Style: DECORATED
Scene Factory: class TestFactory$MySceneFactory
Dialog Factory: class com.almasb.fxgl.ui.FXGLDialogFactory
UI Factory: class com.almasb.fxgl.ui.FXGLUIFactory
Notification Service: class com.almasb.fxgl.gameplay.notification.XboxNotificationView
Exception Handler: class com.almasb.fxgl.app.FXGLExceptionHandler
13:22:15.062 [JavaFX Application Thread] DEBUG GameApplication      - Configuring GameApplication
13:22:15.062 [JavaFX Application Thread] DEBUG GameApplication      - Initializing state machine and application states
13:22:15.072 [JavaFX Application Thread] DEBUG AssetLoader          - Loading from disk: /assets/ui/cursors/fxgl_default.png
13:22:15.089 [JavaFX Application Thread] DEBUG AssetLoader          - Loading from disk: /assets/ui/cursors/fxgl_default.png
13:22:15.105 [JavaFX Application Thread] DEBUG FXGLAssets           - Loading FXGLAssets
13:22:15.130 [JavaFX Application Thread] DEBUG AssetLoader          - Loading from disk: /assets/ui/fonts/VarelaRound-Regular.ttf
13:22:15.171 [JavaFX Application Thread] DEBUG AssetLoader          - Loading from disk: /assets/ui/fonts/lucida_console.ttf
13:22:15.174 [JavaFX Application Thread] DEBUG AssetLoader          - Loading from disk: /assets/ui/css/fxgl_dark.css
13:22:15.197 [JavaFX Application Thread] DEBUG AssetLoader          - Loading from disk: /assets/ui/cursors/fxgl_default.png
13:22:15.221 [JavaFX Application Thread] DEBUG AssetLoader          - Loading from disk: /assets/ui/cursors/fxgl_default.png
13:22:15.236 [JavaFX Application Thread] DEBUG GameScene            - Game scene initialized: 800x600
13:22:15.238 [JavaFX Application Thread] DEBUG GameWorld            - Game world initialized
13:22:15.282 [JavaFX Application Thread] DEBUG PhysicsWorld         - Physics world initialized: appHeight=600, physics.ppm=50.0
13:22:15.331 [JavaFX Application Thread] DEBUG AssetLoader          - Loading from disk: /assets/ui/cursors/fxgl_default.png
13:22:15.333 [JavaFX Application Thread] DEBUG AssetLoader          - Loading from disk: /assets/textures/custom_bg.png
13:22:15.333 [JavaFX Application Thread] FATAL AssetLoader          - Loading failed for asset: custom_bg.png. Cause: Asset "/assets/textures/custom_bg.png" was not found!
13:22:15.334 [JavaFX Application Thread] FATAL GameApplication      - Uncaught Exception:

Fatal exception occurred: java.lang.IllegalArgumentException : Failed to load asset: custom_bg.png. Cause: Asset "/assets/textures/custom_bg.png" was not found!
E: com.almasb.fxgl.asset.AssetLoader.loadFailed(AssetLoader.kt:742)
E: com.almasb.fxgl.asset.AssetLoader.loadTexture(AssetLoader.kt:198)
E: TestFactory$MySceneFactory$1.createBackground(TestFactory.java:40)
E: com.almasb.fxgl.scene.FXGLMenu.<init>(FXGLMenu.java:95)
E: com.almasb.fxgl.scene.menu.FXGLDefaultMenu.<init>(FXGLDefaultMenu.java:40)
E: TestFactory$MySceneFactory$1.<init>(TestFactory.java:37)
E: TestFactory$MySceneFactory.newMainMenu(TestFactory.java:37)
E: com.almasb.fxgl.app.GameApplication.initStateMachine(GameApplication.java:240)
E: com.almasb.fxgl.app.GameApplication.initFXGL(GameApplication.java:173)
E: com.almasb.fxgl.app.GameApplication.start(GameApplication.java:107)
E: com.sun.javafx.application.LauncherImpl.lambda$launchApplication1$162(LauncherImpl.java:863)
E: com.sun.javafx.application.PlatformImpl.lambda$runAndWait$175(PlatformImpl.java:326)
E: com.sun.javafx.application.PlatformImpl.lambda$null$173(PlatformImpl.java:295)
E: java.security.AccessController.doPrivileged(Native Method)
E: com.sun.javafx.application.PlatformImpl.lambda$runLater$174(PlatformImpl.java:294)
E: com.sun.glass.ui.InvokeLaterDispatcher$Future.run(InvokeLaterDispatcher.java:95)
E: com.sun.glass.ui.win.WinApplication._runLoop(Native Method)
E: com.sun.glass.ui.win.WinApplication.lambda$null$148(WinApplication.java:191)
E: java.lang.Thread.run(Unknown Source)

13:22:15.334 [JavaFX Application Thread] FATAL GameApplication      - Application will now exit
