13:16:51.099 [JavaFX Application Thread] DEBUG GameApplication      - Logger initialized
13:16:51.104 [JavaFX Application Thread] DEBUG MainWindow           - Creating a JavaFX scene
13:16:51.175 [JavaFX Application Thread] DEBUG MainWindow           - Target settings size: 800.0 x 800.0
13:16:51.175 [JavaFX Application Thread] DEBUG MainWindow           - Scaled scene size:    800.0 x 800.0
13:16:51.175 [JavaFX Application Thread] DEBUG MainWindow           - Scaled ratio: (1.0, 1.0)
13:16:51.180 [JavaFX Application Thread] DEBUG GameApplication      - Starting FXGL
13:16:51.189 [JavaFX Application Thread] INFO  FXGL                 - FXGL-0.5.1 on DESKTOP
13:16:51.189 [JavaFX Application Thread] INFO  FXGL                 - Source code and latest versions at: https://github.com/AlmasB/FXGL
13:16:51.190 [JavaFX Application Thread] INFO  FXGL                 -              Join the FXGL chat at: https://gitter.im/AlmasB/FXGL
13:16:51.195 [JavaFX Application Thread] DEBUG FS                   - Loaded DesktopFSService
13:16:51.195 [JavaFX Application Thread] DEBUG FXGL                 - Loading FXGL system data
13:16:51.200 [JavaFX Application Thread] DEBUG DesktopFSService     - Reading from: system\fxgl.bundle
13:16:51.207 [JavaFX Application Thread] DEBUG Bundle               - Logging bundle: FXGL
13:16:51.207 [JavaFX Application Thread] DEBUG Bundle               - FXGL.offline.timer.version.check=2018-05-22T13:06:30.400
13:16:51.230 [JavaFX Application Thread] DEBUG GameApplication      - FXGL started
13:16:51.230 [JavaFX Application Thread] DEBUG GameApplication      - Logging game settings
Title: Tron
Version: 0.1
Width: 800
Height: 800
Fullscreen: false
Intro: false
Menus: false
Profiling: false
Single step:false
App Mode: DEVELOPER
Menu Key: ESCAPE
Stage Style: DECORATED
Scene Factory: class com.almasb.fxgl.scene.SceneFactory
Dialog Factory: class com.almasb.fxgl.ui.FXGLDialogFactory
UI Factory: class com.almasb.fxgl.ui.FXGLUIFactory
Notification Service: class com.almasb.fxgl.gameplay.notification.XboxNotificationView
Exception Handler: class com.almasb.fxgl.app.FXGLExceptionHandler
13:16:51.230 [JavaFX Application Thread] DEBUG GameApplication      - Configuring GameApplication
13:16:51.231 [JavaFX Application Thread] DEBUG GameApplication      - Initializing state machine and application states
13:16:51.239 [JavaFX Application Thread] DEBUG AssetLoader          - Loading from disk: /assets/ui/cursors/fxgl_default.png
13:16:51.255 [JavaFX Application Thread] DEBUG AssetLoader          - Loading from disk: /assets/ui/cursors/fxgl_default.png
13:16:51.271 [JavaFX Application Thread] DEBUG FXGLAssets           - Loading FXGLAssets
13:16:51.295 [JavaFX Application Thread] DEBUG AssetLoader          - Loading from disk: /assets/ui/fonts/VarelaRound-Regular.ttf
13:16:51.337 [JavaFX Application Thread] DEBUG AssetLoader          - Loading from disk: /assets/ui/fonts/lucida_console.ttf
13:16:51.340 [JavaFX Application Thread] DEBUG AssetLoader          - Loading from disk: /assets/ui/css/fxgl_dark.css
13:16:51.363 [JavaFX Application Thread] DEBUG AssetLoader          - Loading from disk: /assets/ui/cursors/fxgl_default.png
13:16:51.387 [JavaFX Application Thread] DEBUG AssetLoader          - Loading from disk: /assets/ui/cursors/fxgl_default.png
13:16:51.401 [JavaFX Application Thread] DEBUG GameScene            - Game scene initialized: 800x800
13:16:51.404 [JavaFX Application Thread] DEBUG GameWorld            - Game world initialized
13:16:51.445 [JavaFX Application Thread] DEBUG PhysicsWorld         - Physics world initialized: appHeight=800, physics.ppm=50.0
13:16:51.460 [JavaFX Application Thread] DEBUG Input                - Registered new binding: Pause - Esc
13:16:51.474 [JavaFX Application Thread] DEBUG Input                - Clearing active input actions
13:16:51.503 [JavaFX Application Thread] DEBUG AppStateMachine      - StartupState -> StartupState
13:16:51.507 [JavaFX Application Thread] INFO  GameApplication      - Game configuration took:  0.276 sec
13:16:51.508 [JavaFX Application Thread] DEBUG AssetLoader          - Loading from disk: /assets/textures/fxgl_icon.png
13:16:51.518 [JavaFX Application Thread] DEBUG MainWindow           - Opening main window
13:16:51.651 [JavaFX Application Thread] DEBUG MainWindow           - Window border size: (6.0, 28.0)
13:16:51.651 [JavaFX Application Thread] DEBUG MainWindow           - Scaled size: 800.0 x 800.0
13:16:51.651 [JavaFX Application Thread] DEBUG MainWindow           - Scaled ratio: (1.0, 1.0)
13:16:51.652 [JavaFX Application Thread] DEBUG MainWindow           - Scene size: 800.0 x 800.0
13:16:51.652 [JavaFX Application Thread] DEBUG MainWindow           - Stage size: 806.0 x 828.0
13:16:51.652 [JavaFX Application Thread] DEBUG GameApplication      - Running preInit()
13:16:51.654 [JavaFX Application Thread] DEBUG Input                - Registered new binding: Screenshot - P
13:16:51.654 [JavaFX Application Thread] DEBUG Input                - Registered new binding: Dev Options - CTRL+0
13:16:51.655 [JavaFX Application Thread] DEBUG Input                - Registered new binding: System info dump - CTRL+9
13:16:51.655 [JavaFX Application Thread] DEBUG Input                - Registered new binding: Restart - CTRL+R
13:16:51.655 [JavaFX Application Thread] DEBUG Input                - Registered new binding: Move Right - D
13:16:51.655 [JavaFX Application Thread] DEBUG Input                - Registered new binding: Move Left - A
13:16:51.655 [JavaFX Application Thread] DEBUG Input                - Registered new binding: Move Up - W
13:16:51.655 [JavaFX Application Thread] DEBUG Input                - Registered new binding: Move Down - S
13:16:51.684 [JavaFX Application Thread] DEBUG GameApplication      - Starting main loop
13:16:51.686 [JavaFX Application Thread] DEBUG StartupState         - STARTUP
13:16:51.686 [JavaFX Application Thread] DEBUG GameApplication      - Starting new game
13:16:51.686 [JavaFX Application Thread] DEBUG Input                - Clearing active input actions
13:16:51.691 [JavaFX Application Thread] DEBUG AppStateMachine      - StartupState -> LoadingState
13:16:51.695 [FXGL Background Thread 1 ] DEBUG InitAppTask          - Clearing previous game
13:16:51.696 [FXGL Background Thread 1 ] DEBUG GameWorld            - Clearing game world
13:16:51.696 [FXGL Background Thread 1 ] DEBUG PhysicsWorld         - Clearing physics world
13:16:51.696 [FXGL Background Thread 1 ] DEBUG GameScene            - Clearing game scene
13:16:51.697 [FXGL Background Thread 1 ] DEBUG InitAppTask          - Initializing Game
13:16:51.734 [FXGL Background Thread 1 ] DEBUG GameScene            - Creating render group for layer: DEFAULT(100000)
13:16:51.736 [FXGL Background Thread 1 ] DEBUG InitAppTask          - Initializing Physics
13:16:51.736 [FXGL Background Thread 1 ] DEBUG InitAppTask          - Initializing UI
13:16:51.741 [FXGL Background Thread 1 ] DEBUG InitAppTask          - Initialization Complete
13:16:51.741 [FXGL Background Thread 1 ] INFO  InitAppTask          - Game initialization took: 0.046 sec
13:16:51.760 [JavaFX Application Thread] DEBUG Input                - Clearing active input actions
13:16:51.765 [JavaFX Application Thread] DEBUG AppStateMachine      - LoadingState -> PlayState
13:17:49.262 [JavaFX Application Thread] DEBUG GameApplication      - Exiting game application
13:17:49.264 [JavaFX Application Thread] DEBUG GameApplication      - Shutting down background threads
13:17:49.265 [JavaFX Application Thread] DEBUG GameApplication      - Exiting FXGL
13:17:49.266 [JavaFX Application Thread] DEBUG FXGL                 - Saving FXGL system data
13:17:49.272 [JavaFX Application Thread] DEBUG DesktopFSService     - Writing to: system\fxgl.bundle
13:17:49.281 [JavaFX Application Thread] DEBUG GameApplication      - Closing logger and exiting JavaFX
