13:21:03.950 [JavaFX Application Thread] DEBUG GameApplication      - Logger initialized
13:21:03.955 [JavaFX Application Thread] DEBUG MainWindow           - Creating a JavaFX scene
13:21:04.023 [JavaFX Application Thread] DEBUG MainWindow           - Target settings size: 600.0 x 600.0
13:21:04.023 [JavaFX Application Thread] DEBUG MainWindow           - Scaled scene size:    600.0 x 600.0
13:21:04.023 [JavaFX Application Thread] DEBUG MainWindow           - Scaled ratio: (1.0, 1.0)
13:21:04.027 [JavaFX Application Thread] DEBUG GameApplication      - Starting FXGL
13:21:04.037 [JavaFX Application Thread] INFO  FXGL                 - FXGL-0.5.1 on DESKTOP
13:21:04.037 [JavaFX Application Thread] INFO  FXGL                 - Source code and latest versions at: https://github.com/AlmasB/FXGL
13:21:04.038 [JavaFX Application Thread] INFO  FXGL                 -              Join the FXGL chat at: https://gitter.im/AlmasB/FXGL
13:21:04.043 [JavaFX Application Thread] DEBUG FS                   - Loaded DesktopFSService
13:21:04.043 [JavaFX Application Thread] DEBUG FXGL                 - Loading FXGL system data
13:21:04.048 [JavaFX Application Thread] DEBUG DesktopFSService     - Reading from: system\fxgl.bundle
13:21:04.055 [JavaFX Application Thread] DEBUG Bundle               - Logging bundle: FXGL
13:21:04.056 [JavaFX Application Thread] DEBUG Bundle               - FXGL.offline.timer.version.check=2018-05-22T13:06:30.400
13:21:04.077 [JavaFX Application Thread] DEBUG GameApplication      - FXGL started
13:21:04.077 [JavaFX Application Thread] DEBUG GameApplication      - Logging game settings
Title: Basic Game App
Version: 0.1
Width: 600
Height: 600
Fullscreen: false
Intro: false
Menus: false
Profiling: false
Single step:false
App Mode: DEVELOPER
Menu Key: ESCAPE
Stage Style: DECORATED
Scene Factory: class com.almasb.fxgl.scene.SceneFactory
Dialog Factory: class com.almasb.fxgl.ui.FXGLDialogFactory
UI Factory: class com.almasb.fxgl.ui.FXGLUIFactory
Notification Service: class com.almasb.fxgl.gameplay.notification.XboxNotificationView
Exception Handler: class com.almasb.fxgl.app.FXGLExceptionHandler
13:21:04.078 [JavaFX Application Thread] DEBUG GameApplication      - Configuring GameApplication
13:21:04.078 [JavaFX Application Thread] DEBUG GameApplication      - Initializing state machine and application states
13:21:04.087 [JavaFX Application Thread] DEBUG AssetLoader          - Loading from disk: /assets/ui/cursors/fxgl_default.png
13:21:04.103 [JavaFX Application Thread] DEBUG AssetLoader          - Loading from disk: /assets/ui/cursors/fxgl_default.png
13:21:04.118 [JavaFX Application Thread] DEBUG FXGLAssets           - Loading FXGLAssets
13:21:04.142 [JavaFX Application Thread] DEBUG AssetLoader          - Loading from disk: /assets/ui/fonts/VarelaRound-Regular.ttf
13:21:04.184 [JavaFX Application Thread] DEBUG AssetLoader          - Loading from disk: /assets/ui/fonts/lucida_console.ttf
13:21:04.187 [JavaFX Application Thread] DEBUG AssetLoader          - Loading from disk: /assets/ui/css/fxgl_dark.css
13:21:04.209 [JavaFX Application Thread] DEBUG AssetLoader          - Loading from disk: /assets/ui/cursors/fxgl_default.png
13:21:04.233 [JavaFX Application Thread] DEBUG AssetLoader          - Loading from disk: /assets/ui/cursors/fxgl_default.png
13:21:04.247 [JavaFX Application Thread] DEBUG GameScene            - Game scene initialized: 600x600
13:21:04.249 [JavaFX Application Thread] DEBUG GameWorld            - Game world initialized
13:21:04.291 [JavaFX Application Thread] DEBUG PhysicsWorld         - Physics world initialized: appHeight=600, physics.ppm=50.0
13:21:04.306 [JavaFX Application Thread] DEBUG Input                - Registered new binding: Pause - Esc
13:21:04.320 [JavaFX Application Thread] DEBUG Input                - Clearing active input actions
13:21:04.349 [JavaFX Application Thread] DEBUG AppStateMachine      - StartupState -> StartupState
13:21:04.353 [JavaFX Application Thread] INFO  GameApplication      - Game configuration took:  0.275 sec
13:21:04.354 [JavaFX Application Thread] DEBUG AssetLoader          - Loading from disk: /assets/textures/fxgl_icon.png
13:21:04.364 [JavaFX Application Thread] DEBUG MainWindow           - Opening main window
13:21:04.493 [JavaFX Application Thread] DEBUG MainWindow           - Window border size: (6.0, 28.0)
13:21:04.493 [JavaFX Application Thread] DEBUG MainWindow           - Scaled size: 600.0 x 600.0
13:21:04.494 [JavaFX Application Thread] DEBUG MainWindow           - Scaled ratio: (1.0, 1.0)
13:21:04.494 [JavaFX Application Thread] DEBUG MainWindow           - Scene size: 600.0 x 600.0
13:21:04.494 [JavaFX Application Thread] DEBUG MainWindow           - Stage size: 606.0 x 628.0
13:21:04.494 [JavaFX Application Thread] DEBUG GameApplication      - Running preInit()
13:21:04.495 [JavaFX Application Thread] DEBUG Input                - Registered new binding: Screenshot - P
13:21:04.496 [JavaFX Application Thread] DEBUG Input                - Registered new binding: Dev Options - CTRL+0
13:21:04.496 [JavaFX Application Thread] DEBUG Input                - Registered new binding: System info dump - CTRL+9
13:21:04.497 [JavaFX Application Thread] DEBUG Input                - Registered new binding: Restart - CTRL+R
13:21:04.497 [JavaFX Application Thread] DEBUG Input                - Registered new binding: Move Right - D
13:21:04.497 [JavaFX Application Thread] DEBUG Input                - Registered new binding: Move Left - A
13:21:04.497 [JavaFX Application Thread] DEBUG Input                - Registered new binding: Move Up - W
13:21:04.497 [JavaFX Application Thread] DEBUG Input                - Registered new binding: Move Down - S
13:21:04.523 [JavaFX Application Thread] DEBUG GameApplication      - Starting main loop
13:21:04.524 [JavaFX Application Thread] DEBUG StartupState         - STARTUP
13:21:04.525 [JavaFX Application Thread] DEBUG GameApplication      - Starting new game
13:21:04.525 [JavaFX Application Thread] DEBUG Input                - Clearing active input actions
13:21:04.530 [JavaFX Application Thread] DEBUG AppStateMachine      - StartupState -> LoadingState
13:21:04.534 [FXGL Background Thread 1 ] DEBUG InitAppTask          - Clearing previous game
13:21:04.535 [FXGL Background Thread 1 ] DEBUG GameWorld            - Clearing game world
13:21:04.535 [FXGL Background Thread 1 ] DEBUG PhysicsWorld         - Clearing physics world
13:21:04.535 [FXGL Background Thread 1 ] DEBUG GameScene            - Clearing game scene
13:21:04.536 [FXGL Background Thread 1 ] DEBUG InitAppTask          - Initializing Game
13:21:04.569 [FXGL Background Thread 1 ] DEBUG GameScene            - Creating render group for layer: DEFAULT(100000)
13:21:04.571 [FXGL Background Thread 1 ] DEBUG InitAppTask          - Initializing Physics
13:21:04.571 [FXGL Background Thread 1 ] DEBUG InitAppTask          - Initializing UI
13:21:04.572 [FXGL Background Thread 1 ] DEBUG InitAppTask          - Initialization Complete
13:21:04.572 [FXGL Background Thread 1 ] INFO  InitAppTask          - Game initialization took: 0.038 sec
13:21:04.609 [JavaFX Application Thread] DEBUG Input                - Clearing active input actions
13:21:04.614 [JavaFX Application Thread] DEBUG AppStateMachine      - LoadingState -> PlayState
13:21:05.634 [JavaFX Application Thread] DEBUG GameApplication      - Exiting game application
13:21:05.636 [JavaFX Application Thread] DEBUG GameApplication      - Shutting down background threads
13:21:05.637 [JavaFX Application Thread] DEBUG GameApplication      - Exiting FXGL
13:21:05.637 [JavaFX Application Thread] DEBUG FXGL                 - Saving FXGL system data
13:21:05.644 [JavaFX Application Thread] DEBUG DesktopFSService     - Writing to: system\fxgl.bundle
13:21:05.653 [JavaFX Application Thread] DEBUG GameApplication      - Closing logger and exiting JavaFX
